2016-09-18 14:17:43,966 - os.name - Linux
2016-09-18 14:17:43,967 - os.arch - amd64
2016-09-18 14:17:43,967 - os.version - 4.4.0-31-generic
2016-09-18 14:17:43,967 - java.version - 1.8.0_101
2016-09-18 14:17:43,967 - java.vendor - Oracle Corporation
2016-09-18 14:17:43,967 - java.vendor.url - http://java.oracle.com/
2016-09-18 14:17:43,967 - java.home - /usr/lib/jvm/java-8-oracle/jre
2016-09-18 14:17:43,967 - java.vm.specification.name - Java Virtual Machine Specification
2016-09-18 14:17:43,967 - java.vm.specification.vendor - Oracle Corporation
2016-09-18 14:17:43,967 - java.vm.specification.version - 1.8
2016-09-18 14:17:43,967 - java.class.path - /home/david/eclipse/android-neon/eclipse//plugins/org.eclipse.equinox.launcher_1.3.200.v20160318-1642.jar
2016-09-18 14:17:43,967 - java.library.path - /usr/java/packages/lib/amd64:/usr/lib64:/lib64:/lib:/usr/lib
2016-09-18 14:17:43,967 - --------------------------------------
2016-09-18 14:17:43,967 - ## Eclipse Plug-ins Log Information ##
2016-09-18 14:17:43,967 - --------------------------------------
2016-09-18 14:17:44,002 - javax.el - 2.2.0.v201303151357
2016-09-18 14:17:44,003 - javax.servlet - 3.1.0.v201410161800
2016-09-18 14:17:44,003 - javax.servlet.jsp - 2.2.0.v201112011158
2016-09-18 14:17:44,003 - com.sun.el - 2.2.0.v201303151357
2016-09-18 14:17:44,003 - org.apache.commons.logging - 1.1.1.v201101211721
2016-09-18 14:17:44,003 - org.apache.jasper.glassfish - 2.2.2.v201501141630
2016-09-18 14:17:44,005 - org.apache.lucene.analysis - 3.5.0.v20120725-1805
2016-09-18 14:17:44,007 - org.apache.lucene.core - 3.5.0.v20120725-1805
2016-09-18 14:17:44,008 - org.eclipse.equinox.http.jetty - 3.3.0.v20160324-1850
2016-09-18 14:17:44,008 - org.eclipse.equinox.http.registry - 1.1.400.v20150715-1528
2016-09-18 14:17:44,008 - org.eclipse.equinox.http.servlet - 1.3.0.v20160517-1559
2016-09-18 14:17:44,008 - org.eclipse.equinox.jsp.jasper - 1.0.500.v20150119-1358
2016-09-18 14:17:44,008 - org.eclipse.equinox.jsp.jasper.registry - 1.0.300.v20130327-1442
2016-09-18 14:17:44,008 - org.eclipse.help.base - 4.1.0.v20160606-1100
2016-09-18 14:17:44,008 - org.eclipse.help.ui - 4.0.200.v20160510-0758
2016-09-18 14:17:44,008 - org.eclipse.help.webapp - 3.8.0.v20160504-0839
2016-09-18 14:17:44,009 - org.eclipse.jetty.continuation - 9.3.9.v20160517
2016-09-18 14:17:44,009 - org.eclipse.jetty.http - 9.3.9.v20160517
2016-09-18 14:17:44,009 - org.eclipse.jetty.io - 9.3.9.v20160517
2016-09-18 14:17:44,010 - org.eclipse.jetty.security - 9.3.9.v20160517
2016-09-18 14:17:44,011 - org.eclipse.jetty.server - 9.3.9.v20160517
2016-09-18 14:17:44,011 - org.eclipse.jetty.servlet - 9.3.9.v20160517
2016-09-18 14:17:44,012 - org.eclipse.jetty.util - 9.3.9.v20160517
2016-09-18 14:17:44,012 - org.eclipse.core.net - 1.3.0.v20160418-1534
2016-09-18 14:17:44,012 - org.eclipse.equinox.security - 1.2.200.v20150715-1528
2016-09-18 14:17:44,013 - org.eclipse.andmore.hierarchyviewer - 0.5.0.201605181018
2016-09-18 14:17:44,022 - org.eclipse.mylyn.bugzilla.core - 3.20.0.v20160425-1835
2016-09-18 14:17:44,022 - org.eclipse.mylyn.bugzilla.ui - 3.20.0.v20160425-1835
2016-09-18 14:17:44,024 - org.eclipse.sequoyah.device.backward - 2.1.0.N20120718-0509
2016-09-18 14:17:44,024 - org.eclipse.sequoyah.device.framework - 2.1.0.N20120718-0509
2016-09-18 14:17:44,024 - org.eclipse.sequoyah.device.framework.ui - 2.1.0.N20120718-0509
2016-09-18 14:17:44,024 - org.eclipse.sequoyah.device.service.start - 2.1.0.N20120718-0509
2016-09-18 14:17:44,024 - org.eclipse.sequoyah.device.service.stop - 2.1.0.N20120718-0509
2016-09-18 14:17:44,024 - org.eclipse.sequoyah.device.framework.wizard - 2.1.0.N20120718-0509
2016-09-18 14:17:44,026 - org.eclipse.buildship.core - 1.0.15.v20160425-1638
2016-09-18 14:17:44,026 - org.eclipse.buildship.ui - 1.0.15.v20160425-1638
2016-09-18 14:17:44,026 - org.eclipse.buildship.branding - 1.0.15.v20160425-1638
2016-09-18 14:17:44,026 - org.eclipse.buildship.stsmigration - 1.0.15.v20160425-1638
2016-09-18 14:17:44,027 - org.eclipse.mylyn.tasks.core - 3.20.0.v20160608-1838
2016-09-18 14:17:44,028 - org.eclipse.mylyn.tasks.index.core - 3.20.0.v20160425-1835
2016-09-18 14:17:44,028 - org.eclipse.mylyn.tasks.index.ui - 3.20.0.v20160425-1835
2016-09-18 14:17:44,028 - org.eclipse.mylyn.tasks.search - 3.20.0.v20160425-1835
2016-09-18 14:17:44,028 - org.eclipse.mylyn.tasks.ui - 3.20.0.v20160608-1838
2016-09-18 14:17:44,030 - org.eclipse.egit.core - 4.4.0.201606070830-r
2016-09-18 14:17:44,030 - org.eclipse.egit.ui - 4.4.0.201606070830-r
2016-09-18 14:17:44,030 - org.eclipse.egit - 4.4.0.201606070830-r
2016-09-18 14:17:44,030 - org.eclipse.egit.doc - 4.4.0.201606070830-r
2016-09-18 14:17:44,032 - org.eclipse.aether.maven - 3.1.0.v20140706-2237
2016-09-18 14:17:44,034 - org.eclipse.gef - 3.11.0.201606061308
2016-09-18 14:17:44,036 - org.eclipse.mylyn.commons.identity.core - 1.12.0.v20160421-1819
2016-09-18 14:17:44,038 - org.eclipse.oomph.p2 - 1.5.0.v20160707-0243
2016-09-18 14:17:44,038 - org.eclipse.oomph.p2.core - 1.5.0.v20160908-1742
2016-09-18 14:17:44,038 - org.eclipse.oomph.p2.edit - 1.5.0.v20160707-0243
2016-09-18 14:17:44,038 - org.eclipse.oomph.p2.ui - 1.5.0.v20160908-1742
2016-09-18 14:17:44,038 - org.eclipse.oomph.p2.doc - 1.5.0.v20160707-0243
2016-09-18 14:17:44,040 - org.eclipse.datatools.enablement.sqlite - 1.1.0.201603142002
2016-09-18 14:17:44,040 - org.eclipse.datatools.enablement.sqlite.dbdefinition - 1.1.0.201603142002
2016-09-18 14:17:44,040 - org.eclipse.datatools.enablement.sqlite.ui - 1.1.0.201603142002
2016-09-18 14:17:44,040 - org.eclipse.datatools.enablement.finfo - 1.6.0.201603142002
2016-09-18 14:17:44,041 - org.eclipse.emf.codegen.ui - 2.6.0.v20160526-0356
2016-09-18 14:17:44,043 - org.eclipse.mylyn.commons.notifications.core - 1.12.0.v20160421-1819
2016-09-18 14:17:44,043 - org.eclipse.mylyn.commons.notifications.feed - 1.12.0.v20160421-1819
2016-09-18 14:17:44,043 - org.eclipse.mylyn.commons.notifications.ui - 1.12.0.v20160421-1819
2016-09-18 14:17:44,045 - org.eclipse.emf.converter - 2.7.0.v20160526-0356
2016-09-18 14:17:44,045 - org.eclipse.emf.importer - 2.9.0.v20160526-0356
2016-09-18 14:17:44,045 - org.eclipse.emf.exporter - 2.7.0.v20160526-0356
2016-09-18 14:17:44,045 - org.eclipse.emf.importer.ecore - 2.8.0.v20160526-0356
2016-09-18 14:17:44,045 - org.eclipse.emf.importer.java - 2.7.0.v20160526-0356
2016-09-18 14:17:44,045 - org.eclipse.emf.importer.rose - 2.8.0.v20160526-0356
2016-09-18 14:17:44,046 - org.eclipse.emf.edit.ui - 2.12.0.v20160526-0356
2016-09-18 14:17:44,052 - org.eclipse.help - 3.7.0.v20160602-1307
2016-09-18 14:17:44,052 - org.eclipse.ui - 3.108.0.v20160518-1929
2016-09-18 14:17:44,052 - org.eclipse.ui.workbench - 3.108.0.v20160602-1232
2016-09-18 14:17:44,052 - org.eclipse.update.configurator - 3.3.400.v20160506-0750
2016-09-18 14:17:44,052 - org.eclipse.rcp - 4.6.0.v20160606-1100
2016-09-18 14:17:44,054 - org.eclipse.recommenders.rcp - 2.4.0.v20160607-1609
2016-09-18 14:17:44,054 - org.eclipse.recommenders.apidocs - 2.4.0.v20160607-1609
2016-09-18 14:17:44,054 - org.eclipse.recommenders.apidocs.rcp - 2.4.0.v20160607-1609
2016-09-18 14:17:44,054 - org.eclipse.recommenders.calls - 2.4.0.v20160607-1609
2016-09-18 14:17:44,054 - org.eclipse.recommenders.calls.rcp - 2.4.0.v20160607-1609
2016-09-18 14:17:44,054 - org.eclipse.recommenders.chain.rcp - 2.4.0.v20160607-1609
2016-09-18 14:17:44,055 - org.eclipse.recommenders.completion.rcp - 2.4.0.v20160607-1609
2016-09-18 14:17:44,055 - org.eclipse.recommenders.constructors - 2.4.0.v20160607-1609
2016-09-18 14:17:44,055 - org.eclipse.recommenders.constructors.rcp - 2.4.0.v20160607-1609
2016-09-18 14:17:44,055 - org.eclipse.recommenders.coordinates - 2.4.0.v20160607-1609
2016-09-18 14:17:44,055 - org.eclipse.recommenders.coordinates.rcp - 2.4.0.v20160607-1609
2016-09-18 14:17:44,055 - org.eclipse.recommenders.injection - 2.4.0.v20160607-1609
2016-09-18 14:17:44,055 - org.eclipse.recommenders.jayes - 2.4.0.v20160607-1609
2016-09-18 14:17:44,055 - org.eclipse.recommenders.jayes.io - 2.4.0.v20160607-1609
2016-09-18 14:17:44,055 - org.eclipse.recommenders.jdt - 2.4.0.v20160607-1609
2016-09-18 14:17:44,056 - org.eclipse.recommenders.models - 2.4.0.v20160607-1609
2016-09-18 14:17:44,056 - org.eclipse.recommenders.models.rcp - 2.4.0.v20160607-1609
2016-09-18 14:17:44,056 - org.eclipse.recommenders.net - 2.4.0.v20160607-1609
2016-09-18 14:17:44,056 - org.eclipse.recommenders.overrides - 2.4.0.v20160607-1609
2016-09-18 14:17:44,056 - org.eclipse.recommenders.overrides.rcp - 2.4.0.v20160607-1609
2016-09-18 14:17:44,056 - org.eclipse.recommenders.subwords.rcp - 2.4.0.v20160607-1609
2016-09-18 14:17:44,056 - org.eclipse.recommenders.types.rcp - 2.4.0.v20160607-1609
2016-09-18 14:17:44,056 - org.eclipse.recommenders.utils - 2.4.0.v20160607-1609
2016-09-18 14:17:44,056 - org.eclipse.recommenders.utils.rcp - 2.4.0.v20160607-1609
2016-09-18 14:17:44,058 - org.eclipse.mylyn.commons.repositories.http.core - 1.12.0.v20160421-1819
2016-09-18 14:17:44,059 - org.eclipse.datatools.connectivity.oda.design.ui - 3.3.0.201603142002
2016-09-18 14:17:44,059 - org.eclipse.datatools.connectivity.ui.dse - 1.2.0.201603142002
2016-09-18 14:17:44,059 - org.eclipse.datatools.connectivity.ui - 1.3.0.201603142002
2016-09-18 14:17:44,059 - org.eclipse.datatools.connectivity.sqm.core - 1.3.0.201603142002
2016-09-18 14:17:44,060 - org.eclipse.datatools.help - 1.6.0.201603142002
2016-09-18 14:17:44,061 - org.eclipse.jdt - 3.12.0.v20160606-1100
2016-09-18 14:17:44,061 - org.eclipse.ant.ui - 3.6.200.v20160525-1820
2016-09-18 14:17:44,061 - org.eclipse.jdt.apt.core - 3.4.100.v20160525-0952
2016-09-18 14:17:44,061 - org.eclipse.jdt.apt.ui - 3.4.100.v20160418-1457
2016-09-18 14:17:44,061 - org.eclipse.jdt.apt.pluggable.core - 1.1.100.v20160418-1457
2016-09-18 14:17:44,062 - org.eclipse.jdt.compiler.apt - 1.2.100.v20160418-1457
2016-09-18 14:17:44,062 - org.eclipse.jdt.compiler.tool - 1.1.100.v20160418-1457
2016-09-18 14:17:44,062 - org.eclipse.jdt.core - 3.12.0.v20160516-2131
2016-09-18 14:17:44,062 - org.eclipse.jdt.annotation - 2.1.0.v20160418-1457
2016-09-18 14:17:44,062 - org.eclipse.jdt.annotation - 2.1.0.v20160418-1457
2016-09-18 14:17:44,062 - org.eclipse.jdt.core.manipulation - 1.7.0.v20160419-0705
2016-09-18 14:17:44,062 - org.eclipse.jdt.debug.ui - 3.7.200.v20160423-1519
2016-09-18 14:17:44,062 - org.eclipse.jdt.debug - 3.10.0.v20160418-1524
2016-09-18 14:17:44,062 - org.eclipse.jdt.junit - 3.9.0.v20160421-1701
2016-09-18 14:17:44,062 - org.eclipse.jdt.junit.core - 3.8.0.v20160421-1701
2016-09-18 14:17:44,062 - org.eclipse.jdt.junit.runtime - 3.4.600.v20160505-0715
2016-09-18 14:17:44,063 - org.eclipse.jdt.junit4.runtime - 1.1.600.v20160505-0715
2016-09-18 14:17:44,063 - org.eclipse.jdt.launching - 3.8.100.v20160505-0636
2016-09-18 14:17:44,063 - org.eclipse.jdt.ui - 3.12.0.v20160525-1829
2016-09-18 14:17:44,063 - org.junit - 4.12.0.v201504281640
2016-09-18 14:17:44,064 - org.hamcrest.core - 1.3.0.v201303031735
2016-09-18 14:17:44,064 - org.eclipse.jdt.doc.user - 3.12.0.v20160601-2148
2016-09-18 14:17:44,064 - org.eclipse.ant.launching - 1.1.200.v20160418-1631
2016-09-18 14:17:44,065 - org.eclipse.emf.common - 2.12.0.v20160420-0247
2016-09-18 14:17:44,067 - org.eclipse.sequoyah.vnc.vncviewer.vncviews - 2.1.0.N20120718-0509
2016-09-18 14:17:44,068 - org.eclipse.egit.mylyn.ui - 4.4.0.201606070830-r
2016-09-18 14:17:44,070 - org.eclipse.datatools.sqltools.common.ui - 1.1.0.201603142002
2016-09-18 14:17:44,070 - org.eclipse.datatools.sqltools.debugger.core - 1.1.0.201603142002
2016-09-18 14:17:44,070 - org.eclipse.datatools.sqltools.editor.core - 1.1.0.201603142002
2016-09-18 14:17:44,070 - org.eclipse.datatools.sqltools.plan - 1.1.0.201603142002
2016-09-18 14:17:44,070 - org.eclipse.datatools.sqltools.routineeditor - 1.1.0.201603142002
2016-09-18 14:17:44,071 - org.eclipse.datatools.sqltools.sql - 1.1.0.201603142002
2016-09-18 14:17:44,071 - org.eclipse.datatools.sqltools.sqleditor - 1.1.0.201603142002
2016-09-18 14:17:44,071 - org.eclipse.datatools.sqltools.sqlscrapbook - 1.1.0.201603142002
2016-09-18 14:17:44,071 - org.eclipse.datatools.help - 1.6.0.201603142002
2016-09-18 14:17:44,071 - org.eclipse.datatools.sqltools.db.generic - 1.1.0.201603142002
2016-09-18 14:17:44,071 - org.eclipse.datatools.sqltools.debugger.core.ui - 1.1.0.201603142002
2016-09-18 14:17:44,071 - org.eclipse.datatools.sqltools.editor.core.ui - 1.1.0.201603142002
2016-09-18 14:17:44,071 - org.eclipse.datatools.sqltools.result.ui - 1.2.0.201603142002
2016-09-18 14:17:44,071 - org.eclipse.datatools.sqltools.routineeditor.ui - 1.1.0.201603142002
2016-09-18 14:17:44,071 - org.eclipse.datatools.sqltools.sql.ui - 1.1.0.201603142002
2016-09-18 14:17:44,073 - org.objectweb.asm - 5.0.1.v201404251740
2016-09-18 14:17:44,073 - org.eclipse.andmore - 0.5.0.201605181018
2016-09-18 14:17:44,073 - org.eclipse.andmore.base - 0.5.0.201605181018
2016-09-18 14:17:44,073 - org.eclipse.andmore.ddms - 0.5.0.201605181018
2016-09-18 14:17:44,073 - org.eclipse.andmore.overlay - 0.5.0.201605181018
2016-09-18 14:17:44,075 - org.apache.commons.codec - 1.6.0.v201305230611
2016-09-18 14:17:44,076 - org.apache.commons.compress - 1.6.0.v201310281400
2016-09-18 14:17:44,078 - org.apache.httpcomponents.httpclient - 4.3.6.v201511171540
2016-09-18 14:17:44,079 - org.apache.httpcomponents.httpcore - 4.3.3.v201411290715
2016-09-18 14:17:44,081 - org.eclipse.datatools.modelbase.dbdefinition - 1.1.0.201603142002
2016-09-18 14:17:44,081 - org.eclipse.datatools.modelbase.sql.edit - 1.1.0.201603142002
2016-09-18 14:17:44,081 - org.eclipse.datatools.modelbase.sql.query - 1.2.0.201603142002
2016-09-18 14:17:44,081 - org.eclipse.datatools.modelbase.sql.query.edit - 1.1.0.201603142002
2016-09-18 14:17:44,081 - org.eclipse.datatools.modelbase.sql.xml.query - 1.1.0.201603142002
2016-09-18 14:17:44,081 - org.eclipse.datatools.modelbase.sql - 1.1.0.201603142002
2016-09-18 14:17:44,082 - org.eclipse.oomph.setup.editor - 1.5.0.v20160707-0243
2016-09-18 14:17:44,082 - org.eclipse.oomph.setup.ui - 1.5.0.v20160914-0644
2016-09-18 14:17:44,082 - org.eclipse.oomph.setup.doc - 1.5.0.v20160707-0243
2016-09-18 14:17:44,082 - org.eclipse.oomph.setup.ui.questionnaire - 1.5.0.v20160818-1158
2016-09-18 14:17:44,082 - org.eclipse.oomph.jreinfo.ui - 1.5.0.v20160707-0243
2016-09-18 14:17:44,084 - org.eclipse.emf.mapping - 2.9.0.v20160526-0356
2016-09-18 14:17:44,086 - org.eclipse.emf.ecore - 2.12.0.v20160420-0247
2016-09-18 14:17:44,086 - org.eclipse.emf.ecore.change - 2.11.0.v20160420-0247
2016-09-18 14:17:44,086 - org.eclipse.emf.ecore.xmi - 2.12.0.v20160420-0247
2016-09-18 14:17:44,087 - org.eclipse.jgit - 4.4.0.201606070830-r
2016-09-18 14:17:44,088 - org.eclipse.jgit.archive - 4.4.0.201606070830-r
2016-09-18 14:17:44,088 - com.jcraft.jsch - 0.1.53.v201508180515
2016-09-18 14:17:44,088 - javaewah - 0.7.9.v201605172130
2016-09-18 14:17:44,088 - org.apache.commons.compress - 1.6.0.v201310281400
2016-09-18 14:17:44,088 - org.slf4j.api - 1.7.2.v20121108-1250
2016-09-18 14:17:44,089 - org.slf4j.impl.log4j12 - 1.7.2.v20131105-2200
2016-09-18 14:17:44,089 - org.apache.log4j - 1.2.15.v201012070815
2016-09-18 14:17:44,091 - org.eclipse.mylyn.wikitext.core - 2.9.0.v20160513-1433
2016-09-18 14:17:44,091 - org.eclipse.mylyn.wikitext.core.ant - 2.9.0.v20160513-1433
2016-09-18 14:17:44,091 - org.eclipse.mylyn.wikitext.core.osgi - 2.9.0.v20160513-1433
2016-09-18 14:17:44,091 - org.eclipse.mylyn.wikitext.textile.core - 2.9.0.v20160513-1433
2016-09-18 14:17:44,092 - org.eclipse.mylyn.wikitext.html.core - 2.9.0.v20160513-1433
2016-09-18 14:17:44,092 - org.eclipse.mylyn.wikitext.markdown.core - 2.9.0.v20160513-1433
2016-09-18 14:17:44,092 - org.eclipse.mylyn.wikitext.mediawiki.core - 2.9.0.v20160513-1433
2016-09-18 14:17:44,092 - org.eclipse.mylyn.wikitext.mediawiki.core.ant - 2.9.0.v20160513-1433
2016-09-18 14:17:44,092 - org.eclipse.mylyn.wikitext.confluence.core - 2.9.0.v20160513-1433
2016-09-18 14:17:44,092 - org.eclipse.mylyn.wikitext.tracwiki.core - 2.9.0.v20160513-1433
2016-09-18 14:17:44,092 - org.eclipse.mylyn.wikitext.twiki.core - 2.9.0.v20160519-0832
2016-09-18 14:17:44,092 - org.eclipse.mylyn.wikitext.ui - 2.9.0.v20160516-1547
2016-09-18 14:17:44,092 - org.eclipse.mylyn.wikitext.help.ui - 2.9.0.v20160524-0547
2016-09-18 14:17:44,092 - org.eclipse.mylyn.wikitext.textile.ui - 2.9.0.v20160513-1433
2016-09-18 14:17:44,092 - org.eclipse.mylyn.wikitext.markdown.ui - 2.9.0.v20160513-1433
2016-09-18 14:17:44,092 - org.eclipse.mylyn.wikitext.mediawiki.ui - 2.9.0.v20160513-1433
2016-09-18 14:17:44,092 - org.eclipse.mylyn.wikitext.confluence.ui - 2.9.0.v20160513-1433
2016-09-18 14:17:44,092 - org.eclipse.mylyn.wikitext.tracwiki.ui - 2.9.0.v20160513-1433
2016-09-18 14:17:44,092 - org.eclipse.mylyn.wikitext.twiki.ui - 2.9.0.v20160513-1433
2016-09-18 14:17:44,092 - org.eclipse.mylyn.wikitext.tasks.ui - 2.9.0.v20160513-1433
2016-09-18 14:17:44,092 - org.eclipse.mylyn.wikitext.context.ui - 2.9.0.v20160513-1433
2016-09-18 14:17:44,092 - org.eclipse.mylyn.wikitext.asciidoc.core - 2.9.0.v20160524-1633
2016-09-18 14:17:44,092 - org.eclipse.mylyn.wikitext.asciidoc.ui - 2.9.0.v20160516-1451
2016-09-18 14:17:44,094 - org.eclipse.emf.mapping.ecore.editor - 2.6.0.v20160526-0356
2016-09-18 14:17:44,094 - org.eclipse.emf.mapping.ecore2ecore.editor - 2.7.0.v20160526-0356
2016-09-18 14:17:44,094 - org.eclipse.emf.mapping.ecore2xml.ui - 2.8.0.v20160526-0356
2016-09-18 14:17:44,095 - org.eclipse.recommenders.mylyn.rcp - 2.4.0.v20160607-1609
2016-09-18 14:17:44,103 - org.apache.ant - 1.9.6.v201510161327
2016-09-18 14:17:44,104 - org.eclipse.ant.core - 3.4.100.v20160505-0642
2016-09-18 14:17:44,104 - com.jcraft.jsch - 0.1.53.v201508180515
2016-09-18 14:17:44,104 - org.eclipse.compare.core - 3.6.0.v20160418-1534
2016-09-18 14:17:44,104 - org.eclipse.compare - 3.6.0.v20160418-1534
2016-09-18 14:17:44,104 - org.eclipse.core.filebuffers - 3.6.0.v20160503-1849
2016-09-18 14:17:44,104 - org.eclipse.core.filesystem - 1.6.0.v20160503-1608
2016-09-18 14:17:44,104 - org.eclipse.core.net - 1.3.0.v20160418-1534
2016-09-18 14:17:44,104 - org.eclipse.core.net.linux.x86_64 - 1.2.0.v20160323-1650
2016-09-18 14:17:44,104 - org.eclipse.core.resources - 3.11.0.v20160503-1608
2016-09-18 14:17:44,104 - org.eclipse.osgi.util - 3.3.100.v20150423-1351
2016-09-18 14:17:44,104 - org.eclipse.debug.core - 3.10.100.v20160419-1720
2016-09-18 14:17:44,104 - org.eclipse.debug.ui - 3.11.200.v20160518-1858
2016-09-18 14:17:44,105 - org.eclipse.equinox.event - 1.3.200.v20160324-1850
2016-09-18 14:17:44,105 - org.eclipse.ltk.core.refactoring - 3.7.0.v20160419-0705
2016-09-18 14:17:44,105 - org.eclipse.ltk.ui.refactoring - 3.8.0.v20160518-1817
2016-09-18 14:17:44,105 - org.eclipse.platform - 4.6.0.v20160606-1100
2016-09-18 14:17:44,105 - org.eclipse.platform.doc.user - 4.6.0.v20160606-1250
2016-09-18 14:17:44,105 - org.eclipse.search - 3.11.0.v20160519-1501
2016-09-18 14:17:44,105 - org.eclipse.team.core - 3.8.0.v20160418-1534
2016-09-18 14:17:44,105 - org.eclipse.team.ui - 3.8.0.v20160518-1906
2016-09-18 14:17:44,105 - org.eclipse.text - 3.6.0.v20160503-1849
2016-09-18 14:17:44,105 - org.eclipse.jface.text - 3.11.0.v20160505-1301
2016-09-18 14:17:44,105 - org.eclipse.jsch.core - 1.3.0.v20160422-1917
2016-09-18 14:17:44,105 - org.eclipse.jsch.ui - 1.3.0.v20160323-1650
2016-09-18 14:17:44,105 - org.eclipse.ui.console - 3.6.200.v20160518-1858
2016-09-18 14:17:44,105 - org.eclipse.ui.intro - 3.5.0.v20160509-1548
2016-09-18 14:17:44,105 - org.eclipse.ui.intro.universal - 3.3.0.v20160519-1604
2016-09-18 14:17:44,105 - org.eclipse.ui.cheatsheets - 3.5.0.v20160504-0839
2016-09-18 14:17:44,105 - org.eclipse.ui.browser - 3.5.0.v20160518-1929
2016-09-18 14:17:44,105 - org.eclipse.ui.monitoring - 1.1.0.v20160131-1628
2016-09-18 14:17:44,106 - org.eclipse.ui.navigator - 3.6.100.v20160518-1929
2016-09-18 14:17:44,106 - org.eclipse.ui.navigator.resources - 3.5.100.v20160518-1929
2016-09-18 14:17:44,106 - org.eclipse.ui.net - 1.3.0.v20160426-1633
2016-09-18 14:17:44,106 - org.eclipse.ui.workbench.texteditor - 3.10.0.v20160530-2011
2016-09-18 14:17:44,106 - org.eclipse.ui.views - 3.8.100.v20160518-1929
2016-09-18 14:17:44,106 - org.eclipse.ui.editors - 3.10.0.v20160505-0931
2016-09-18 14:17:44,106 - org.eclipse.ui.externaltools - 3.3.100.v20160518-1858
2016-09-18 14:17:44,106 - org.eclipse.ui.ide - 3.12.0.v20160601-1609
2016-09-18 14:17:44,106 - org.eclipse.ui.ide.application - 1.1.100.v20160518-1929
2016-09-18 14:17:44,106 - org.eclipse.core.filesystem.linux.x86_64 - 1.2.200.v20140124-1940
2016-09-18 14:17:44,106 - org.eclipse.core.variables - 3.3.0.v20160419-1720
2016-09-18 14:17:44,106 - org.eclipse.ui.forms - 3.7.0.v20160518-1929
2016-09-18 14:17:44,106 - org.eclipse.ui.views.properties.tabbed - 3.7.0.v20160310-0903
2016-09-18 14:17:44,106 - org.eclipse.equinox.security - 1.2.200.v20150715-1528
2016-09-18 14:17:44,106 - org.eclipse.equinox.security.ui - 1.1.300.v20150803-1225
2016-09-18 14:17:44,106 - org.eclipse.core.externaltools - 1.0.400.v20160509-1057
2016-09-18 14:17:44,106 - org.eclipse.ui.themes - 1.1.100.v20160411-1921
2016-09-18 14:17:44,106 - org.eclipse.core.runtime - 3.12.0.v20160606-1342
2016-09-18 14:17:44,106 - org.eclipse.ui.intro.quicklinks - 1.0.0.v20160515-0255
2016-09-18 14:17:44,108 - org.eclipse.mylyn.discovery.core - 3.20.0.v20160421-1819
2016-09-18 14:17:44,108 - org.eclipse.mylyn.discovery.ui - 3.20.0.v20160421-1819
2016-09-18 14:17:44,109 - org.eclipse.emf.ecore.edit - 2.9.0.v20160526-0356
2016-09-18 14:17:44,109 - org.eclipse.emf.ecore.change.edit - 2.6.0.v20160526-0356
2016-09-18 14:17:44,110 - org.eclipse.sequoyah.vnc.protocol - 2.1.0.N20120718-0509
2016-09-18 14:17:44,111 - org.eclipse.emf.mapping.ecore - 2.6.0.v20160526-0356
2016-09-18 14:17:44,111 - org.eclipse.emf.mapping.ecore2ecore - 2.9.0.v20160526-0356
2016-09-18 14:17:44,111 - org.eclipse.emf.mapping.ecore2xml - 2.9.0.v20160526-0356
2016-09-18 14:17:44,112 - org.eclipse.mylyn.versions.core - 1.12.0.v20160421-1824
2016-09-18 14:17:44,113 - org.eclipse.mylyn.versions.ui - 1.12.0.v20160421-1824
2016-09-18 14:17:44,113 - org.eclipse.andmore.traceview - 0.5.0.201605181018
2016-09-18 14:17:44,115 - org.eclipse.sequoyah.localization.android - 2.1.0.N20120718-0509
2016-09-18 14:17:44,115 - org.eclipse.sequoyah.localization.android.help - 2.1.1.N20120718-0509
2016-09-18 14:17:44,116 - org.eclipse.m2e.logback.configuration - 1.7.0.20160603-1933
2016-09-18 14:17:44,117 - org.eclipse.m2e.logback.appender - 1.7.0.20160603-1933
2016-09-18 14:17:44,118 - org.eclipse.emf.codegen - 2.11.0.v20160526-0356
2016-09-18 14:17:44,126 - org.eclipse.wst.dtd.ui - 1.0.801.v201308100602
2016-09-18 14:17:44,126 - org.eclipse.wst.dtd.ui.infopop - 1.0.400.v201309112106
2016-09-18 14:17:44,126 - org.eclipse.wst.sse.ui.infopop - 1.0.300.v201309112106
2016-09-18 14:17:44,126 - org.eclipse.wst.xml.ui.infopop - 1.0.400.v201309112106
2016-09-18 14:17:44,127 - org.eclipse.wst.sse.ui - 1.3.500.v201605120129
2016-09-18 14:17:44,127 - org.eclipse.wst.xml.ui - 1.1.700.v201604272318
2016-09-18 14:17:44,127 - org.eclipse.wst.xsd.ui - 1.2.600.v201511240159
2016-09-18 14:17:44,128 - org.eclipse.emf - 2.6.0.v20160526-0356
2016-09-18 14:17:44,129 - org.eclipse.datatools.doc.user - 1.7.0.20090521092446
2016-09-18 14:17:44,129 - org.eclipse.datatools.oda.cshelp - 1.2.0.201603142002
2016-09-18 14:17:44,129 - org.eclipse.datatools.help - 1.6.0.201603142002
2016-09-18 14:17:44,130 - org.eclipse.mylyn.tasks.bugs - 3.20.0.v20160425-1835
2016-09-18 14:17:44,130 - org.eclipse.mylyn.help.ui - 3.20.0.v20160425-1835
2016-09-18 14:17:44,131 - org.eclipse.draw2d - 3.10.100.201606061308
2016-09-18 14:17:44,132 - org.eclipse.emf.edit - 2.12.0.v20160526-0356
2016-09-18 14:17:44,133 - org.eclipse.mylyn.commons.core - 3.20.0.v20160421-1819
2016-09-18 14:17:44,134 - org.eclipse.mylyn.commons.screenshots - 3.20.0.v20160421-1819
2016-09-18 14:17:44,134 - org.eclipse.mylyn.commons.ui - 3.20.0.v20160421-1819
2016-09-18 14:17:44,134 - org.eclipse.mylyn.commons.workbench - 3.20.0.v20160421-1819
2016-09-18 14:17:44,136 - org.eclipse.mylyn.bugzilla.ide - 3.20.0.v20160421-1902
2016-09-18 14:17:44,136 - org.eclipse.mylyn.ide.ui - 3.20.0.v20160421-1902
2016-09-18 14:17:44,137 - org.eclipse.emf.databinding.edit - 1.3.0.v20160526-0356
2016-09-18 14:17:44,138 - org.eclipse.emf.codegen.ecore - 2.12.0.v20160526-0356
2016-09-18 14:17:44,138 - org.eclipse.emf.ant - 2.8.0.v20160526-0356
2016-09-18 14:17:44,143 - org.eclipse.m2e.archetype.common - 1.7.0.20160603-1931
2016-09-18 14:17:44,144 - org.eclipse.m2e.maven.indexer - 1.7.0.20160603-1931
2016-09-18 14:17:44,144 - org.eclipse.m2e.model.edit - 1.7.0.20160603-1933
2016-09-18 14:17:44,144 - org.eclipse.m2e.core - 1.7.0.20160603-1933
2016-09-18 14:17:44,144 - org.eclipse.m2e.launching - 1.7.0.20160603-1933
2016-09-18 14:17:44,144 - org.eclipse.m2e.workspace.cli - 0.3.1
2016-09-18 14:17:44,144 - org.eclipse.m2e.jdt - 1.7.0.20160603-1933
2016-09-18 14:17:44,144 - org.eclipse.m2e.editor - 1.7.0.20160603-1933
2016-09-18 14:17:44,144 - org.eclipse.m2e.editor.xml - 1.7.0.20160603-1933
2016-09-18 14:17:44,150 - org.eclipse.m2e.maven.runtime - 1.7.0.20160603-1931
2016-09-18 14:17:44,150 - org.eclipse.m2e.maven.runtime.slf4j.simple - 1.7.0.20160603-1931
2016-09-18 14:17:44,150 - org.eclipse.m2e.refactoring - 1.7.0.20160603-1933
2016-09-18 14:17:44,150 - org.eclipse.m2e.lifecyclemapping.defaults - 1.7.0.20160603-1933
2016-09-18 14:17:44,151 - org.eclipse.m2e.discovery - 1.7.0.20160603-1933
2016-09-18 14:17:44,151 - org.eclipse.m2e.core.ui - 1.7.0.20160603-1933
2016-09-18 14:17:44,151 - org.eclipse.m2e.scm - 1.7.0.20160603-1933
2016-09-18 14:17:44,151 - org.eclipse.m2e.jdt.ui - 1.7.0.20160603-1933
2016-09-18 14:17:44,151 - org.eclipse.m2e.profiles.core - 1.7.0.20160603-1933
2016-09-18 14:17:44,151 - org.eclipse.m2e.profiles.ui - 1.7.0.20160603-1933
2016-09-18 14:17:44,151 - org.eclipse.m2e.importer - 1.7.0.20160603-1933
2016-09-18 14:17:44,153 - org.eclipse.andmore.ndk - 0.5.0.201605181018
2016-09-18 14:17:44,155 - org.eclipse.andmore.gldebugger - 0.5.0.201605181018
2016-09-18 14:17:44,156 - org.eclipse.mylyn.hudson.core - 1.12.0.v20160524-1837
2016-09-18 14:17:44,156 - org.eclipse.mylyn.hudson.ui - 1.12.0.v20160421-2142
2016-09-18 14:17:44,158 - org.eclipse.epp.mpc.core - 1.5.0.v20160608-1457
2016-09-18 14:17:44,158 - org.eclipse.epp.mpc.ui - 1.5.0.v20160608-1804
2016-09-18 14:17:44,158 - org.eclipse.epp.mpc.help.ui - 1.5.0.v20160524-1910
2016-09-18 14:17:44,158 - org.apache.httpcomponents.httpclient - 4.3.6.v201511171540
2016-09-18 14:17:44,158 - org.apache.httpcomponents.httpcore - 4.3.3.v201411290715
2016-09-18 14:17:44,159 - org.eclipse.datatools.connectivity.oda.consumer - 3.3.0.201603142002
2016-09-18 14:17:44,159 - org.eclipse.datatools.connectivity.oda.design - 3.4.0.201603142002
2016-09-18 14:17:44,159 - org.eclipse.datatools.connectivity.oda.profile - 3.3.0.201603142002
2016-09-18 14:17:44,159 - org.eclipse.datatools.connectivity.oda - 3.5.0.201603142002
2016-09-18 14:17:44,159 - org.eclipse.datatools.connectivity - 1.13.0.201603142002
2016-09-18 14:17:44,160 - org.eclipse.mylyn.git.core - 1.12.0.v20160421-1824
2016-09-18 14:17:44,160 - org.eclipse.mylyn.git.ui - 1.12.0.v20160421-1824
2016-09-18 14:17:44,161 - org.eclipse.andmore.android.certmanager - 0.5.0.201605181018
2016-09-18 14:17:44,170 - org.eclipse.recommenders.snipmatch - 2.4.0.v20160607-1609
2016-09-18 14:17:44,170 - org.eclipse.recommenders.snipmatch.rcp - 2.4.0.v20160607-1609
2016-09-18 14:17:44,171 - org.eclipse.cdt.gdb - 7.0.0.201606062011
2016-09-18 14:17:44,172 - org.eclipse.cdt.gdb.ui - 7.0.0.201606062011
2016-09-18 14:17:44,173 - org.eclipse.pde - 3.12.0.v20160606-1100
2016-09-18 14:17:44,173 - org.eclipse.pde.build - 3.9.200.v20160204-0642
2016-09-18 14:17:44,173 - org.eclipse.pde.core - 3.11.0.v20160510-1223
2016-09-18 14:17:44,173 - org.eclipse.pde.junit.runtime - 3.5.0.v20151013-0625
2016-09-18 14:17:44,173 - org.eclipse.pde.runtime - 3.5.0.v20160418-1724
2016-09-18 14:17:44,173 - org.eclipse.pde.ui - 3.9.0.v20160525-1830
2016-09-18 14:17:44,173 - org.eclipse.pde.doc.user - 3.12.0.v20160601-2148
2016-09-18 14:17:44,173 - org.eclipse.pde.ui.templates - 3.6.0.v20160424-1948
2016-09-18 14:17:44,173 - org.eclipse.ui.views.log - 1.2.0.v20160418-1724
2016-09-18 14:17:44,173 - org.objectweb.asm - 5.0.1.v201404251740
2016-09-18 14:17:44,174 - org.objectweb.asm.tree - 5.0.1.v201404251740
2016-09-18 14:17:44,174 - org.eclipse.pde.api.tools - 1.1.0.v20160508-0834
2016-09-18 14:17:44,174 - org.eclipse.pde.api.tools.annotations - 1.0.100.v20160418-1724
2016-09-18 14:17:44,174 - org.eclipse.pde.api.tools.ui - 1.1.0.v20160519-0701
2016-09-18 14:17:44,174 - org.eclipse.pde.ds.core - 1.1.0.v20151201-1325
2016-09-18 14:17:44,175 - org.eclipse.pde.ds.ui - 1.1.0.v20160518-1843
2016-09-18 14:17:44,175 - org.eclipse.pde.launching - 3.6.400.v20160121-1248
2016-09-18 14:17:44,175 - org.eclipse.pde.ua.core - 1.0.500.v20160204-0642
2016-09-18 14:17:44,175 - org.eclipse.pde.ua.ui - 1.1.0.v20160518-1843
2016-09-18 14:17:44,175 - org.eclipse.ui.trace - 1.0.400.v20160509-1055
2016-09-18 14:17:44,175 - org.eclipse.pde.ds.annotations - 1.0.0.v20160525-1437
2016-09-18 14:17:44,176 - org.eclipse.sequoyah.localization.tools - 2.1.0.N20120718-0509
2016-09-18 14:17:44,176 - org.eclipse.sequoyah.localization.editor - 2.1.0.N20120718-0509
2016-09-18 14:17:44,178 - net.sourceforge.lpg.lpgjavaruntime - 1.1.0.v201004271650
2016-09-18 14:17:44,178 - org.eclipse.datatools.sqltools.parsers.sql.lexer - 1.1.0.201603142002
2016-09-18 14:17:44,178 - org.eclipse.datatools.sqltools.parsers.sql.query - 1.3.0.201603142002
2016-09-18 14:17:44,178 - org.eclipse.datatools.sqltools.parsers.sql.xml.query - 1.1.0.201603142002
2016-09-18 14:17:44,178 - org.eclipse.datatools.sqltools.parsers.sql - 1.1.0.201603142002
2016-09-18 14:17:44,179 - org.eclipse.mylyn.java.ui - 3.20.0.v20160421-1902
2016-09-18 14:17:44,179 - org.eclipse.mylyn.java.tasks - 3.20.0.v20160421-1902
2016-09-18 14:17:44,179 - org.eclipse.mylyn.ide.ui - 3.20.0.v20160421-1902
2016-09-18 14:17:44,179 - org.eclipse.mylyn.ide.ant - 3.20.0.v20160421-1902
2016-09-18 14:17:44,179 - org.eclipse.mylyn.debug.ui - 3.20.0.v20160421-1902
2016-09-18 14:17:44,180 - org.eclipse.mylyn.team.ui - 3.20.0.v20160421-1902
2016-09-18 14:17:44,182 - org.eclipse.datatools.sqltools.sql - 1.1.0.201603142002
2016-09-18 14:17:44,182 - org.eclipse.datatools.sqltools.common.ui - 1.1.0.201603142002
2016-09-18 14:17:44,182 - org.eclipse.datatools.sqltools.plan - 1.1.0.201603142002
2016-09-18 14:17:44,182 - org.eclipse.datatools.sqltools.editor.core - 1.1.0.201603142002
2016-09-18 14:17:44,182 - org.eclipse.datatools.sqltools.sqleditor - 1.1.0.201603142002
2016-09-18 14:17:44,182 - org.eclipse.datatools.sqltools.ddlgen.ui - 1.1.0.201603142002
2016-09-18 14:17:44,182 - org.eclipse.datatools.connectivity.db.generic - 1.1.0.201603142002
2016-09-18 14:17:44,182 - org.eclipse.datatools.sqltools.editor.core.ui - 1.1.0.201603142002
2016-09-18 14:17:44,182 - org.eclipse.datatools.sqltools.sql.ui - 1.1.0.201603142002
2016-09-18 14:17:44,192 - org.eclipse.emf.common.ui - 2.11.0.v20160526-0356
2016-09-18 14:17:44,193 - org.eclipse.mylyn.commons.repositories.core - 1.12.0.v20160421-1819
2016-09-18 14:17:44,193 - org.eclipse.mylyn.commons.repositories.ui - 1.12.0.v20160421-1819
2016-09-18 14:17:44,238 - org.eclipse.sequoyah.device.common.utilities - 2.1.0.N20120718-0509
2016-09-18 14:17:44,240 - org.eclipse.andmore.android.common - 0.5.0.201605181018
2016-09-18 14:17:44,240 - org.eclipse.andmore.android.codeutils - 0.5.0.201605181018
2016-09-18 14:17:44,240 - org.eclipse.andmore.android.translation - 0.5.0.201605181018
2016-09-18 14:17:44,240 - org.eclipse.andmore.android.codesnippets - 0.5.0.201605181018
2016-09-18 14:17:44,240 - org.eclipse.andmore.android.db.core - 0.5.0.201605181018
2016-09-18 14:17:44,240 - org.eclipse.andmore.android.logger - 0.5.0.201605181018
2016-09-18 14:17:44,241 - org.eclipse.andmore.android - 0.5.0.201605181018
2016-09-18 14:17:44,241 - org.eclipse.andmore.android.emulator - 0.5.0.201605181018
2016-09-18 14:17:44,241 - org.eclipse.andmore.android.launch - 0.5.0.201605181018
2016-09-18 14:17:44,241 - org.eclipse.andmore.android.packaging.ui - 0.5.0.201605181018
2016-09-18 14:17:44,241 - org.eclipse.andmore.android.handset - 0.5.0.201605181018
2016-09-18 14:17:44,241 - org.eclipse.andmore.android.remote - 0.5.0.201605181018
2016-09-18 14:17:44,241 - org.eclipse.andmore.android.linux.x86_64 - 0.5.0.201605181018
2016-09-18 14:17:44,241 - org.eclipse.andmore.android.mat - 0.5.0.201605181018
2016-09-18 14:17:44,241 - org.eclipse.andmore.android.devices.services - 0.5.0.201605181018
2016-09-18 14:17:44,241 - org.eclipse.andmore.android.db.devices - 0.5.0.201605181018
2016-09-18 14:17:44,241 - org.eclipse.andmore.android.installer - 0.5.0.201605181018
2016-09-18 14:17:44,241 - org.eclipse.andmore.android.logger.collector - 0.5.0.201605181018
2016-09-18 14:17:44,242 - org.eclipse.emf.mapping.ui - 2.7.0.v20160526-0356
2016-09-18 14:17:44,243 - org.eclipse.mylyn.monitor.core - 3.20.0.v20160421-1819
2016-09-18 14:17:44,244 - org.eclipse.mylyn.monitor.ui - 3.20.0.v20160421-1819
2016-09-18 14:17:44,258 - org.eclipse.datatools.connectivity.oda.template.ui - 3.3.0.201603142002
2016-09-18 14:17:44,260 - org.eclipse.sequoyah.vnc.vncviewer - 2.1.0.N20120718-0509
2016-09-18 14:17:44,261 - org.eclipse.emf.codegen.ecore.ui - 2.12.0.v20160526-0356
2016-09-18 14:17:44,261 - org.eclipse.emf.ecore.editor - 2.12.0.v20160526-0356
2016-09-18 14:17:44,262 - org.eclipse.epp.package.android - 4.6.0.20160613-1800
2016-09-18 14:17:44,263 - org.eclipse.mylyn.builds.core - 1.12.0.v20160421-2142
2016-09-18 14:17:44,263 - org.eclipse.mylyn.builds.ui - 1.12.0.v20160421-2142
2016-09-18 14:17:44,264 - org.eclipse.mylyn.context.core - 3.20.0.v20160421-1902
2016-09-18 14:17:44,264 - org.eclipse.mylyn.context.ui - 3.20.0.v20160421-1902
2016-09-18 14:17:44,264 - org.eclipse.mylyn.resources.ui - 3.20.0.v20160421-1902
2016-09-18 14:17:44,264 - org.eclipse.mylyn.context.tasks.ui - 3.20.0.v20160608-1905
2016-09-18 14:17:44,266 - org.eclipse.emf.databinding - 1.3.0.v20160526-0356
2016-09-18 14:17:44,268 - org.eclipse.datatools.connectivity.sqm.core.ui - 1.3.0.201603142002
2016-09-18 14:17:44,268 - org.eclipse.datatools.connectivity.sqm.core - 1.3.0.201603142002
2016-09-18 14:17:44,268 - org.eclipse.datatools.connectivity.sqm.server.ui - 1.2.0.201603142002
2016-09-18 14:17:44,268 - org.eclipse.datatools.connectivity.ui.dse - 1.2.0.201603142002
2016-09-18 14:17:44,268 - org.eclipse.datatools.connectivity.ui - 1.3.0.201603142002
2016-09-18 14:17:44,268 - org.eclipse.datatools.connectivity - 1.13.0.201603142002
2016-09-18 14:17:44,268 - org.eclipse.datatools.help - 1.6.0.201603142002
2016-09-18 14:17:44,268 - org.eclipse.datatools.connectivity.console.profile - 1.1.0.201603142002
2016-09-18 14:17:44,269 - org.eclipse.oomph.setup - 1.5.0.v20160818-1158
2016-09-18 14:17:44,269 - org.eclipse.oomph.setup.edit - 1.5.0.v20160707-0243
2016-09-18 14:17:44,269 - org.eclipse.oomph.setup.core - 1.5.0.v20160913-0854
2016-09-18 14:17:44,269 - org.eclipse.oomph.setup.sync - 1.5.0.v20160707-0243
2016-09-18 14:17:44,269 - org.eclipse.oomph.setup.p2 - 1.5.0.v20160707-0243
2016-09-18 14:17:44,269 - org.eclipse.oomph.setup.p2.edit - 1.5.0.v20160706-1149
2016-09-18 14:17:44,269 - org.eclipse.oomph.preferences - 1.5.0.v20160807-0831
2016-09-18 14:17:44,269 - org.eclipse.oomph.jreinfo - 1.5.0.v20160807-1022
2016-09-18 14:17:44,270 - org.eclipse.oomph.extractor.lib - 1.2.0.v20160519-0740
2016-09-18 14:17:44,270 - org.apache.commons.logging - 1.1.1.v201101211721
2016-09-18 14:17:44,270 - org.apache.commons.codec - 1.6.0.v201305230611
2016-09-18 14:17:44,270 - org.apache.httpcomponents.httpclient - 4.3.6.v201511171540
2016-09-18 14:17:44,270 - org.apache.httpcomponents.httpcore - 4.3.3.v201411290715
2016-09-18 14:17:44,270 - org.eclipse.userstorage - 1.0.0.v20160524-0709
2016-09-18 14:17:44,270 - org.eclipse.userstorage.ui - 1.0.0.v20151216-0912
2017-03-20 10:32:35,410 - os.name - Linux
2017-03-20 10:32:35,483 - os.arch - amd64
2017-03-20 10:32:35,483 - os.version - 4.4.0-66-generic
2017-03-20 10:32:35,483 - java.version - 1.8.0_121
2017-03-20 10:32:35,483 - java.vendor - Oracle Corporation
2017-03-20 10:32:35,483 - java.vendor.url - http://java.oracle.com/
2017-03-20 10:32:35,483 - java.home - /usr/lib/jvm/java-8-oracle/jre
2017-03-20 10:32:35,483 - java.vm.specification.name - Java Virtual Machine Specification
2017-03-20 10:32:35,483 - java.vm.specification.vendor - Oracle Corporation
2017-03-20 10:32:35,483 - java.vm.specification.version - 1.8
2017-03-20 10:32:35,483 - java.class.path - /home/david/eclipse/android-neon/eclipse//plugins/org.eclipse.equinox.launcher_1.3.200.v20160318-1642.jar
2017-03-20 10:32:35,483 - java.library.path - /usr/java/packages/lib/amd64:/usr/lib64:/lib64:/lib:/usr/lib
2017-03-20 10:32:35,483 - --------------------------------------
2017-03-20 10:32:35,483 - ## Eclipse Plug-ins Log Information ##
2017-03-20 10:32:35,483 - --------------------------------------
2017-03-20 10:32:35,583 - javax.el - 2.2.0.v201303151357
2017-03-20 10:32:35,611 - javax.servlet - 3.1.0.v201410161800
2017-03-20 10:32:35,619 - javax.servlet.jsp - 2.2.0.v201112011158
2017-03-20 10:32:35,626 - com.sun.el - 2.2.0.v201303151357
2017-03-20 10:32:35,626 - org.apache.commons.logging - 1.1.1.v201101211721
2017-03-20 10:32:35,653 - org.apache.jasper.glassfish - 2.2.2.v201501141630
2017-03-20 10:32:35,763 - org.apache.lucene.analysis - 3.5.0.v20120725-1805
2017-03-20 10:32:35,848 - org.apache.lucene.core - 3.5.0.v20120725-1805
2017-03-20 10:32:35,871 - org.eclipse.equinox.http.jetty - 3.3.0.v20160324-1850
2017-03-20 10:32:35,883 - org.eclipse.equinox.http.registry - 1.1.400.v20150715-1528
2017-03-20 10:32:35,940 - org.eclipse.equinox.http.servlet - 1.3.0.v20160517-1559
2017-03-20 10:32:35,975 - org.eclipse.equinox.jsp.jasper - 1.0.500.v20150119-1358
2017-03-20 10:32:35,976 - org.eclipse.equinox.jsp.jasper.registry - 1.0.300.v20130327-1442
2017-03-20 10:32:35,992 - org.eclipse.help.base - 4.1.0.v20160606-1100
2017-03-20 10:32:35,993 - org.eclipse.help.ui - 4.0.200.v20160510-0758
2017-03-20 10:32:36,054 - org.eclipse.help.webapp - 3.8.0.v20160504-0839
2017-03-20 10:32:36,088 - org.eclipse.jetty.continuation - 9.3.9.v20160517
2017-03-20 10:32:36,145 - org.eclipse.jetty.http - 9.3.9.v20160517
2017-03-20 10:32:36,156 - org.eclipse.jetty.io - 9.3.9.v20160517
2017-03-20 10:32:36,168 - org.eclipse.jetty.security - 9.3.9.v20160517
2017-03-20 10:32:36,187 - org.eclipse.jetty.server - 9.3.9.v20160517
2017-03-20 10:32:36,196 - org.eclipse.jetty.servlet - 9.3.9.v20160517
2017-03-20 10:32:36,218 - org.eclipse.jetty.util - 9.3.9.v20160517
2017-03-20 10:32:36,219 - org.eclipse.core.net - 1.3.0.v20160418-1534
2017-03-20 10:32:36,224 - org.eclipse.equinox.security - 1.2.200.v20150715-1528
2017-03-20 10:32:36,425 - org.eclipse.andmore.hierarchyviewer - 0.5.0.201605181018
2017-03-20 10:32:36,461 - org.eclipse.mylyn.bugzilla.core - 3.20.0.v20160425-1835
2017-03-20 10:32:36,461 - org.eclipse.mylyn.bugzilla.ui - 3.20.0.v20160425-1835
2017-03-20 10:32:36,574 - org.eclipse.sequoyah.device.backward - 2.1.0.N20120718-0509
2017-03-20 10:32:36,589 - org.eclipse.sequoyah.device.framework - 2.1.0.N20120718-0509
2017-03-20 10:32:36,613 - org.eclipse.sequoyah.device.framework.ui - 2.1.0.N20120718-0509
2017-03-20 10:32:36,630 - org.eclipse.sequoyah.device.service.start - 2.1.0.N20120718-0509
2017-03-20 10:32:36,652 - org.eclipse.sequoyah.device.service.stop - 2.1.0.N20120718-0509
2017-03-20 10:32:36,664 - org.eclipse.sequoyah.device.framework.wizard - 2.1.0.N20120718-0509
2017-03-20 10:32:36,707 - org.eclipse.buildship.core - 1.0.15.v20160425-1638
2017-03-20 10:32:36,707 - org.eclipse.buildship.ui - 1.0.15.v20160425-1638
2017-03-20 10:32:36,728 - org.eclipse.buildship.branding - 1.0.15.v20160425-1638
2017-03-20 10:32:36,769 - org.eclipse.buildship.stsmigration - 1.0.15.v20160425-1638
2017-03-20 10:32:36,775 - org.eclipse.mylyn.tasks.core - 3.20.0.v20160608-1838
2017-03-20 10:32:36,795 - org.eclipse.mylyn.tasks.index.core - 3.20.0.v20160425-1835
2017-03-20 10:32:36,803 - org.eclipse.mylyn.tasks.index.ui - 3.20.0.v20160425-1835
2017-03-20 10:32:36,803 - org.eclipse.mylyn.tasks.search - 3.20.0.v20160425-1835
2017-03-20 10:32:36,804 - org.eclipse.mylyn.tasks.ui - 3.20.0.v20160608-1838
2017-03-20 10:32:36,823 - org.eclipse.egit.core - 4.4.0.201606070830-r
2017-03-20 10:32:36,843 - org.eclipse.egit.ui - 4.4.0.201606070830-r
2017-03-20 10:32:36,907 - org.eclipse.egit - 4.4.0.201606070830-r
2017-03-20 10:32:36,931 - org.eclipse.egit.doc - 4.4.0.201606070830-r
2017-03-20 10:32:37,607 - org.eclipse.aether.maven - 3.1.0.v20140706-2237
2017-03-20 10:32:37,648 - org.eclipse.gef - 3.11.0.201606061308
2017-03-20 10:32:37,857 - org.eclipse.mylyn.commons.identity.core - 1.12.0.v20160421-1819
2017-03-20 10:32:37,917 - org.eclipse.oomph.p2 - 1.5.0.v20160707-0243
2017-03-20 10:32:37,918 - org.eclipse.oomph.p2.core - 1.5.0.v20160908-1742
2017-03-20 10:32:37,918 - org.eclipse.oomph.p2.edit - 1.5.0.v20160707-0243
2017-03-20 10:32:37,918 - org.eclipse.oomph.p2.ui - 1.5.0.v20160908-1742
2017-03-20 10:32:37,959 - org.eclipse.oomph.p2.doc - 1.5.0.v20160707-0243
2017-03-20 10:32:37,995 - org.eclipse.datatools.enablement.sqlite - 1.1.0.201603142002
2017-03-20 10:32:38,002 - org.eclipse.datatools.enablement.sqlite.dbdefinition - 1.1.0.201603142002
2017-03-20 10:32:38,010 - org.eclipse.datatools.enablement.sqlite.ui - 1.1.0.201603142002
2017-03-20 10:32:38,016 - org.eclipse.datatools.enablement.finfo - 1.6.0.201603142002
2017-03-20 10:32:38,082 - org.eclipse.emf.codegen.ui - 2.6.0.v20160526-0356
2017-03-20 10:32:38,127 - org.eclipse.mylyn.commons.notifications.core - 1.12.0.v20160421-1819
2017-03-20 10:32:38,127 - org.eclipse.mylyn.commons.notifications.feed - 1.12.0.v20160421-1819
2017-03-20 10:32:38,144 - org.eclipse.mylyn.commons.notifications.ui - 1.12.0.v20160421-1819
2017-03-20 10:32:38,188 - org.eclipse.emf.converter - 2.7.0.v20160526-0356
2017-03-20 10:32:38,207 - org.eclipse.emf.importer - 2.9.0.v20160526-0356
2017-03-20 10:32:38,384 - org.eclipse.emf.exporter - 2.7.0.v20160526-0356
2017-03-20 10:32:38,396 - org.eclipse.emf.importer.ecore - 2.8.0.v20160526-0356
2017-03-20 10:32:38,408 - org.eclipse.emf.importer.java - 2.7.0.v20160526-0356
2017-03-20 10:32:38,421 - org.eclipse.emf.importer.rose - 2.8.0.v20160526-0356
2017-03-20 10:32:38,435 - org.eclipse.emf.edit.ui - 2.12.0.v20160526-0356
2017-03-20 10:32:38,451 - org.eclipse.help - 3.7.0.v20160602-1307
2017-03-20 10:32:38,452 - org.eclipse.ui - 3.108.0.v20160518-1929
2017-03-20 10:32:38,453 - org.eclipse.ui.workbench - 3.108.0.v20160602-1232
2017-03-20 10:32:38,453 - org.eclipse.update.configurator - 3.3.400.v20160506-0750
2017-03-20 10:32:38,473 - org.eclipse.rcp - 4.6.0.v20160606-1100
2017-03-20 10:32:38,491 - org.eclipse.recommenders.rcp - 2.4.0.v20160607-1609
2017-03-20 10:32:38,499 - org.eclipse.recommenders.apidocs - 2.4.0.v20160607-1609
2017-03-20 10:32:38,503 - org.eclipse.recommenders.apidocs.rcp - 2.4.0.v20160607-1609
2017-03-20 10:32:38,524 - org.eclipse.recommenders.calls - 2.4.0.v20160607-1609
2017-03-20 10:32:38,525 - org.eclipse.recommenders.calls.rcp - 2.4.0.v20160607-1609
2017-03-20 10:32:38,527 - org.eclipse.recommenders.chain.rcp - 2.4.0.v20160607-1609
2017-03-20 10:32:38,538 - org.eclipse.recommenders.completion.rcp - 2.4.0.v20160607-1609
2017-03-20 10:32:38,542 - org.eclipse.recommenders.constructors - 2.4.0.v20160607-1609
2017-03-20 10:32:38,544 - org.eclipse.recommenders.constructors.rcp - 2.4.0.v20160607-1609
2017-03-20 10:32:38,555 - org.eclipse.recommenders.coordinates - 2.4.0.v20160607-1609
2017-03-20 10:32:38,556 - org.eclipse.recommenders.coordinates.rcp - 2.4.0.v20160607-1609
2017-03-20 10:32:38,561 - org.eclipse.recommenders.injection - 2.4.0.v20160607-1609
2017-03-20 10:32:38,576 - org.eclipse.recommenders.jayes - 2.4.0.v20160607-1609
2017-03-20 10:32:38,577 - org.eclipse.recommenders.jayes.io - 2.4.0.v20160607-1609
2017-03-20 10:32:38,578 - org.eclipse.recommenders.jdt - 2.4.0.v20160607-1609
2017-03-20 10:32:38,586 - org.eclipse.recommenders.models - 2.4.0.v20160607-1609
2017-03-20 10:32:38,592 - org.eclipse.recommenders.models.rcp - 2.4.0.v20160607-1609
2017-03-20 10:32:38,609 - org.eclipse.recommenders.net - 2.4.0.v20160607-1609
2017-03-20 10:32:38,616 - org.eclipse.recommenders.overrides - 2.4.0.v20160607-1609
2017-03-20 10:32:38,617 - org.eclipse.recommenders.overrides.rcp - 2.4.0.v20160607-1609
2017-03-20 10:32:38,621 - org.eclipse.recommenders.subwords.rcp - 2.4.0.v20160607-1609
2017-03-20 10:32:38,646 - org.eclipse.recommenders.types.rcp - 2.4.0.v20160607-1609
2017-03-20 10:32:38,655 - org.eclipse.recommenders.utils - 2.4.0.v20160607-1609
2017-03-20 10:32:38,664 - org.eclipse.recommenders.utils.rcp - 2.4.0.v20160607-1609
2017-03-20 10:32:38,681 - org.eclipse.mylyn.commons.repositories.http.core - 1.12.0.v20160421-1819
2017-03-20 10:32:38,709 - org.eclipse.datatools.connectivity.oda.design.ui - 3.3.0.201603142002
2017-03-20 10:32:38,710 - org.eclipse.datatools.connectivity.ui.dse - 1.2.0.201603142002
2017-03-20 10:32:38,733 - org.eclipse.datatools.connectivity.ui - 1.3.0.201603142002
2017-03-20 10:32:38,775 - org.eclipse.datatools.connectivity.sqm.core - 1.3.0.201603142002
2017-03-20 10:32:38,777 - org.eclipse.datatools.help - 1.6.0.201603142002
2017-03-20 10:32:38,787 - org.eclipse.jdt - 3.12.0.v20160606-1100
2017-03-20 10:32:38,800 - org.eclipse.ant.ui - 3.6.200.v20160525-1820
2017-03-20 10:32:38,810 - org.eclipse.jdt.apt.core - 3.4.100.v20160525-0952
2017-03-20 10:32:38,818 - org.eclipse.jdt.apt.ui - 3.4.100.v20160418-1457
2017-03-20 10:32:38,846 - org.eclipse.jdt.apt.pluggable.core - 1.1.100.v20160418-1457
2017-03-20 10:32:38,847 - org.eclipse.jdt.compiler.apt - 1.2.100.v20160418-1457
2017-03-20 10:32:39,016 - org.eclipse.jdt.compiler.tool - 1.1.100.v20160418-1457
2017-03-20 10:32:39,017 - org.eclipse.jdt.core - 3.12.0.v20160516-2131
2017-03-20 10:32:39,205 - org.eclipse.jdt.annotation - 2.1.0.v20160418-1457
2017-03-20 10:32:39,205 - org.eclipse.jdt.annotation - 2.1.0.v20160418-1457
2017-03-20 10:32:39,205 - org.eclipse.jdt.core.manipulation - 1.7.0.v20160419-0705
2017-03-20 10:32:39,206 - org.eclipse.jdt.debug.ui - 3.7.200.v20160423-1519
2017-03-20 10:32:39,683 - org.eclipse.jdt.debug - 3.10.0.v20160418-1524
2017-03-20 10:32:39,683 - org.eclipse.jdt.junit - 3.9.0.v20160421-1701
2017-03-20 10:32:39,830 - org.eclipse.jdt.junit.core - 3.8.0.v20160421-1701
2017-03-20 10:32:39,831 - org.eclipse.jdt.junit.runtime - 3.4.600.v20160505-0715
2017-03-20 10:32:39,867 - org.eclipse.jdt.junit4.runtime - 1.1.600.v20160505-0715
2017-03-20 10:32:39,867 - org.eclipse.jdt.launching - 3.8.100.v20160505-0636
2017-03-20 10:32:39,903 - org.eclipse.jdt.ui - 3.12.0.v20160525-1829
2017-03-20 10:32:39,933 - org.junit - 4.12.0.v201504281640
2017-03-20 10:32:39,944 - org.hamcrest.core - 1.3.0.v201303031735
2017-03-20 10:32:39,992 - org.eclipse.jdt.doc.user - 3.12.0.v20160601-2148
2017-03-20 10:32:40,011 - org.eclipse.ant.launching - 1.1.200.v20160418-1631
2017-03-20 10:32:40,033 - org.eclipse.emf.common - 2.12.0.v20160420-0247
2017-03-20 10:32:40,061 - org.eclipse.sequoyah.vnc.vncviewer.vncviews - 2.1.0.N20120718-0509
2017-03-20 10:32:40,086 - org.eclipse.egit.mylyn.ui - 4.4.0.201606070830-r
2017-03-20 10:32:40,110 - org.eclipse.datatools.sqltools.common.ui - 1.1.0.201603142002
2017-03-20 10:32:40,114 - org.eclipse.datatools.sqltools.debugger.core - 1.1.0.201603142002
2017-03-20 10:32:40,120 - org.eclipse.datatools.sqltools.editor.core - 1.1.0.201603142002
2017-03-20 10:32:40,121 - org.eclipse.datatools.sqltools.plan - 1.1.0.201603142002
2017-03-20 10:32:40,144 - org.eclipse.datatools.sqltools.routineeditor - 1.1.0.201603142002
2017-03-20 10:32:40,148 - org.eclipse.datatools.sqltools.sql - 1.1.0.201603142002
2017-03-20 10:32:40,157 - org.eclipse.datatools.sqltools.sqleditor - 1.1.0.201603142002
2017-03-20 10:32:40,158 - org.eclipse.datatools.sqltools.sqlscrapbook - 1.1.0.201603142002
2017-03-20 10:32:40,158 - org.eclipse.datatools.help - 1.6.0.201603142002
2017-03-20 10:32:40,179 - org.eclipse.datatools.sqltools.db.generic - 1.1.0.201603142002
2017-03-20 10:32:40,188 - org.eclipse.datatools.sqltools.debugger.core.ui - 1.1.0.201603142002
2017-03-20 10:32:40,198 - org.eclipse.datatools.sqltools.editor.core.ui - 1.1.0.201603142002
2017-03-20 10:32:40,198 - org.eclipse.datatools.sqltools.result.ui - 1.2.0.201603142002
2017-03-20 10:32:40,217 - org.eclipse.datatools.sqltools.routineeditor.ui - 1.1.0.201603142002
2017-03-20 10:32:40,229 - org.eclipse.datatools.sqltools.sql.ui - 1.1.0.201603142002
2017-03-20 10:32:40,553 - org.objectweb.asm - 5.0.1.v201404251740
2017-03-20 10:32:40,554 - org.eclipse.andmore - 0.5.0.201605181018
2017-03-20 10:32:40,554 - org.eclipse.andmore.base - 0.5.0.201605181018
2017-03-20 10:32:40,554 - org.eclipse.andmore.ddms - 0.5.0.201605181018
2017-03-20 10:32:40,569 - org.eclipse.andmore.overlay - 0.5.0.201605181018
2017-03-20 10:32:40,591 - org.apache.commons.codec - 1.6.0.v201305230611
2017-03-20 10:32:40,606 - org.apache.commons.compress - 1.6.0.v201310281400
2017-03-20 10:32:40,631 - org.apache.httpcomponents.httpclient - 4.3.6.v201511171540
2017-03-20 10:32:40,674 - org.apache.httpcomponents.httpcore - 4.3.3.v201411290715
2017-03-20 10:32:40,715 - org.eclipse.datatools.modelbase.dbdefinition - 1.1.0.201603142002
2017-03-20 10:32:40,725 - org.eclipse.datatools.modelbase.sql.edit - 1.1.0.201603142002
2017-03-20 10:32:40,737 - org.eclipse.datatools.modelbase.sql.query - 1.2.0.201603142002
2017-03-20 10:32:40,748 - org.eclipse.datatools.modelbase.sql.query.edit - 1.1.0.201603142002
2017-03-20 10:32:40,756 - org.eclipse.datatools.modelbase.sql.xml.query - 1.1.0.201603142002
2017-03-20 10:32:40,766 - org.eclipse.datatools.modelbase.sql - 1.1.0.201603142002
2017-03-20 10:32:40,777 - org.eclipse.oomph.setup.editor - 1.5.0.v20160707-0243
2017-03-20 10:32:40,778 - org.eclipse.oomph.setup.ui - 1.5.0.v20160914-0644
2017-03-20 10:32:40,811 - org.eclipse.oomph.setup.doc - 1.5.0.v20160707-0243
2017-03-20 10:32:40,829 - org.eclipse.oomph.setup.ui.questionnaire - 1.5.0.v20160818-1158
2017-03-20 10:32:40,830 - org.eclipse.oomph.jreinfo.ui - 1.5.0.v20160707-0243
2017-03-20 10:32:40,866 - org.eclipse.emf.mapping - 2.9.0.v20160526-0356
2017-03-20 10:32:40,868 - org.eclipse.emf.ecore - 2.12.0.v20160420-0247
2017-03-20 10:32:40,885 - org.eclipse.emf.ecore.change - 2.11.0.v20160420-0247
2017-03-20 10:32:40,885 - org.eclipse.emf.ecore.xmi - 2.12.0.v20160420-0247
2017-03-20 10:32:40,921 - org.eclipse.jgit - 4.4.0.201606070830-r
2017-03-20 10:32:40,927 - org.eclipse.jgit.archive - 4.4.0.201606070830-r
2017-03-20 10:32:40,928 - com.jcraft.jsch - 0.1.53.v201508180515
2017-03-20 10:32:40,941 - javaewah - 0.7.9.v201605172130
2017-03-20 10:32:40,941 - org.apache.commons.compress - 1.6.0.v201310281400
2017-03-20 10:32:40,942 - org.slf4j.api - 1.7.2.v20121108-1250
2017-03-20 10:32:40,942 - org.slf4j.impl.log4j12 - 1.7.2.v20131105-2200
2017-03-20 10:32:40,954 - org.apache.log4j - 1.2.15.v201012070815
2017-03-20 10:32:40,969 - org.eclipse.mylyn.wikitext.core - 2.9.0.v20160513-1433
2017-03-20 10:32:40,972 - org.eclipse.mylyn.wikitext.core.ant - 2.9.0.v20160513-1433
2017-03-20 10:32:40,973 - org.eclipse.mylyn.wikitext.core.osgi - 2.9.0.v20160513-1433
2017-03-20 10:32:40,986 - org.eclipse.mylyn.wikitext.textile.core - 2.9.0.v20160513-1433
2017-03-20 10:32:40,987 - org.eclipse.mylyn.wikitext.html.core - 2.9.0.v20160513-1433
2017-03-20 10:32:41,004 - org.eclipse.mylyn.wikitext.markdown.core - 2.9.0.v20160513-1433
2017-03-20 10:32:41,006 - org.eclipse.mylyn.wikitext.mediawiki.core - 2.9.0.v20160513-1433
2017-03-20 10:32:41,016 - org.eclipse.mylyn.wikitext.mediawiki.core.ant - 2.9.0.v20160513-1433
2017-03-20 10:32:41,088 - org.eclipse.mylyn.wikitext.confluence.core - 2.9.0.v20160513-1433
2017-03-20 10:32:41,092 - org.eclipse.mylyn.wikitext.tracwiki.core - 2.9.0.v20160513-1433
2017-03-20 10:32:41,093 - org.eclipse.mylyn.wikitext.twiki.core - 2.9.0.v20160519-0832
2017-03-20 10:32:41,093 - org.eclipse.mylyn.wikitext.ui - 2.9.0.v20160516-1547
2017-03-20 10:32:41,118 - org.eclipse.mylyn.wikitext.help.ui - 2.9.0.v20160524-0547
2017-03-20 10:32:41,128 - org.eclipse.mylyn.wikitext.textile.ui - 2.9.0.v20160513-1433
2017-03-20 10:32:41,129 - org.eclipse.mylyn.wikitext.markdown.ui - 2.9.0.v20160513-1433
2017-03-20 10:32:41,135 - org.eclipse.mylyn.wikitext.mediawiki.ui - 2.9.0.v20160513-1433
2017-03-20 10:32:41,135 - org.eclipse.mylyn.wikitext.confluence.ui - 2.9.0.v20160513-1433
2017-03-20 10:32:41,167 - org.eclipse.mylyn.wikitext.tracwiki.ui - 2.9.0.v20160513-1433
2017-03-20 10:32:41,168 - org.eclipse.mylyn.wikitext.twiki.ui - 2.9.0.v20160513-1433
2017-03-20 10:32:41,340 - org.eclipse.mylyn.wikitext.tasks.ui - 2.9.0.v20160513-1433
2017-03-20 10:32:41,347 - org.eclipse.mylyn.wikitext.context.ui - 2.9.0.v20160513-1433
2017-03-20 10:32:41,353 - org.eclipse.mylyn.wikitext.asciidoc.core - 2.9.0.v20160524-1633
2017-03-20 10:32:41,358 - org.eclipse.mylyn.wikitext.asciidoc.ui - 2.9.0.v20160516-1451
2017-03-20 10:32:41,480 - org.eclipse.emf.mapping.ecore.editor - 2.6.0.v20160526-0356
2017-03-20 10:32:41,486 - org.eclipse.emf.mapping.ecore2ecore.editor - 2.7.0.v20160526-0356
2017-03-20 10:32:41,495 - org.eclipse.emf.mapping.ecore2xml.ui - 2.8.0.v20160526-0356
2017-03-20 10:32:41,515 - org.eclipse.recommenders.mylyn.rcp - 2.4.0.v20160607-1609
2017-03-20 10:32:41,779 - org.apache.ant - 1.9.6.v201510161327
2017-03-20 10:32:41,788 - org.eclipse.ant.core - 3.4.100.v20160505-0642
2017-03-20 10:32:41,788 - com.jcraft.jsch - 0.1.53.v201508180515
2017-03-20 10:32:41,789 - org.eclipse.compare.core - 3.6.0.v20160418-1534
2017-03-20 10:32:41,789 - org.eclipse.compare - 3.6.0.v20160418-1534
2017-03-20 10:32:41,790 - org.eclipse.core.filebuffers - 3.6.0.v20160503-1849
2017-03-20 10:32:41,790 - org.eclipse.core.filesystem - 1.6.0.v20160503-1608
2017-03-20 10:32:41,790 - org.eclipse.core.net - 1.3.0.v20160418-1534
2017-03-20 10:32:41,790 - org.eclipse.core.net.linux.x86_64 - 1.2.0.v20160323-1650
2017-03-20 10:32:41,791 - org.eclipse.core.resources - 3.11.0.v20160503-1608
2017-03-20 10:32:41,806 - org.eclipse.osgi.util - 3.3.100.v20150423-1351
2017-03-20 10:32:41,806 - org.eclipse.debug.core - 3.10.100.v20160419-1720
2017-03-20 10:32:41,835 - org.eclipse.debug.ui - 3.11.200.v20160518-1858
2017-03-20 10:32:41,835 - org.eclipse.equinox.event - 1.3.200.v20160324-1850
2017-03-20 10:32:41,836 - org.eclipse.ltk.core.refactoring - 3.7.0.v20160419-0705
2017-03-20 10:32:41,836 - org.eclipse.ltk.ui.refactoring - 3.8.0.v20160518-1817
2017-03-20 10:32:41,837 - org.eclipse.platform - 4.6.0.v20160606-1100
2017-03-20 10:32:41,947 - org.eclipse.platform.doc.user - 4.6.0.v20160606-1250
2017-03-20 10:32:41,948 - org.eclipse.search - 3.11.0.v20160519-1501
2017-03-20 10:32:41,948 - org.eclipse.team.core - 3.8.0.v20160418-1534
2017-03-20 10:32:41,983 - org.eclipse.team.ui - 3.8.0.v20160518-1906
2017-03-20 10:32:41,984 - org.eclipse.text - 3.6.0.v20160503-1849
2017-03-20 10:32:41,984 - org.eclipse.jface.text - 3.11.0.v20160505-1301
2017-03-20 10:32:41,984 - org.eclipse.jsch.core - 1.3.0.v20160422-1917
2017-03-20 10:32:41,999 - org.eclipse.jsch.ui - 1.3.0.v20160323-1650
2017-03-20 10:32:41,999 - org.eclipse.ui.console - 3.6.200.v20160518-1858
2017-03-20 10:32:41,999 - org.eclipse.ui.intro - 3.5.0.v20160509-1548
2017-03-20 10:32:42,000 - org.eclipse.ui.intro.universal - 3.3.0.v20160519-1604
2017-03-20 10:32:42,000 - org.eclipse.ui.cheatsheets - 3.5.0.v20160504-0839
2017-03-20 10:32:42,000 - org.eclipse.ui.browser - 3.5.0.v20160518-1929
2017-03-20 10:32:42,033 - org.eclipse.ui.monitoring - 1.1.0.v20160131-1628
2017-03-20 10:32:42,042 - org.eclipse.ui.navigator - 3.6.100.v20160518-1929
2017-03-20 10:32:42,042 - org.eclipse.ui.navigator.resources - 3.5.100.v20160518-1929
2017-03-20 10:32:42,042 - org.eclipse.ui.net - 1.3.0.v20160426-1633
2017-03-20 10:32:42,043 - org.eclipse.ui.workbench.texteditor - 3.10.0.v20160530-2011
2017-03-20 10:32:42,043 - org.eclipse.ui.views - 3.8.100.v20160518-1929
2017-03-20 10:32:42,044 - org.eclipse.ui.editors - 3.10.0.v20160505-0931
2017-03-20 10:32:42,044 - org.eclipse.ui.externaltools - 3.3.100.v20160518-1858
2017-03-20 10:32:42,045 - org.eclipse.ui.ide - 3.12.0.v20160601-1609
2017-03-20 10:32:42,045 - org.eclipse.ui.ide.application - 1.1.100.v20160518-1929
2017-03-20 10:32:42,045 - org.eclipse.core.filesystem.linux.x86_64 - 1.2.200.v20140124-1940
2017-03-20 10:32:42,054 - org.eclipse.core.variables - 3.3.0.v20160419-1720
2017-03-20 10:32:42,054 - org.eclipse.ui.forms - 3.7.0.v20160518-1929
2017-03-20 10:32:42,122 - org.eclipse.ui.views.properties.tabbed - 3.7.0.v20160310-0903
2017-03-20 10:32:42,122 - org.eclipse.equinox.security - 1.2.200.v20150715-1528
2017-03-20 10:32:42,132 - org.eclipse.equinox.security.ui - 1.1.300.v20150803-1225
2017-03-20 10:32:42,136 - org.eclipse.core.externaltools - 1.0.400.v20160509-1057
2017-03-20 10:32:42,136 - org.eclipse.ui.themes - 1.1.100.v20160411-1921
2017-03-20 10:32:42,136 - org.eclipse.core.runtime - 3.12.0.v20160606-1342
2017-03-20 10:32:42,144 - org.eclipse.ui.intro.quicklinks - 1.0.0.v20160515-0255
2017-03-20 10:32:42,162 - org.eclipse.mylyn.discovery.core - 3.20.0.v20160421-1819
2017-03-20 10:32:42,167 - org.eclipse.mylyn.discovery.ui - 3.20.0.v20160421-1819
2017-03-20 10:32:42,201 - org.eclipse.emf.ecore.edit - 2.9.0.v20160526-0356
2017-03-20 10:32:42,213 - org.eclipse.emf.ecore.change.edit - 2.6.0.v20160526-0356
2017-03-20 10:32:42,243 - org.eclipse.sequoyah.vnc.protocol - 2.1.0.N20120718-0509
2017-03-20 10:32:42,353 - org.eclipse.emf.mapping.ecore - 2.6.0.v20160526-0356
2017-03-20 10:32:42,357 - org.eclipse.emf.mapping.ecore2ecore - 2.9.0.v20160526-0356
2017-03-20 10:32:42,361 - org.eclipse.emf.mapping.ecore2xml - 2.9.0.v20160526-0356
2017-03-20 10:32:42,373 - org.eclipse.mylyn.versions.core - 1.12.0.v20160421-1824
2017-03-20 10:32:42,383 - org.eclipse.mylyn.versions.ui - 1.12.0.v20160421-1824
2017-03-20 10:32:42,398 - org.eclipse.andmore.traceview - 0.5.0.201605181018
2017-03-20 10:32:42,409 - org.eclipse.sequoyah.localization.android - 2.1.0.N20120718-0509
2017-03-20 10:32:42,415 - org.eclipse.sequoyah.localization.android.help - 2.1.1.N20120718-0509
2017-03-20 10:32:42,469 - org.eclipse.m2e.logback.configuration - 1.7.0.20160603-1933
2017-03-20 10:32:42,470 - org.eclipse.m2e.logback.appender - 1.7.0.20160603-1933
2017-03-20 10:32:42,492 - org.eclipse.emf.codegen - 2.11.0.v20160526-0356
2017-03-20 10:32:42,505 - org.eclipse.wst.dtd.ui - 1.0.801.v201308100602
2017-03-20 10:32:42,528 - org.eclipse.wst.dtd.ui.infopop - 1.0.400.v201309112106
2017-03-20 10:32:42,608 - org.eclipse.wst.sse.ui.infopop - 1.0.300.v201309112106
2017-03-20 10:32:42,608 - org.eclipse.wst.xml.ui.infopop - 1.0.400.v201309112106
2017-03-20 10:32:42,609 - org.eclipse.wst.sse.ui - 1.3.500.v201605120129
2017-03-20 10:32:42,609 - org.eclipse.wst.xml.ui - 1.1.700.v201604272318
2017-03-20 10:32:42,611 - org.eclipse.wst.xsd.ui - 1.2.600.v201511240159
2017-03-20 10:32:42,652 - org.eclipse.emf - 2.6.0.v20160526-0356
2017-03-20 10:32:42,667 - org.eclipse.datatools.doc.user - 1.7.0.20090521092446
2017-03-20 10:32:42,675 - org.eclipse.datatools.oda.cshelp - 1.2.0.201603142002
2017-03-20 10:32:42,676 - org.eclipse.datatools.help - 1.6.0.201603142002
2017-03-20 10:32:42,686 - org.eclipse.mylyn.tasks.bugs - 3.20.0.v20160425-1835
2017-03-20 10:32:42,686 - org.eclipse.mylyn.help.ui - 3.20.0.v20160425-1835
2017-03-20 10:32:42,697 - org.eclipse.draw2d - 3.10.100.201606061308
2017-03-20 10:32:42,731 - org.eclipse.emf.edit - 2.12.0.v20160526-0356
2017-03-20 10:32:42,759 - org.eclipse.mylyn.commons.core - 3.20.0.v20160421-1819
2017-03-20 10:32:42,835 - org.eclipse.mylyn.commons.screenshots - 3.20.0.v20160421-1819
2017-03-20 10:32:42,835 - org.eclipse.mylyn.commons.ui - 3.20.0.v20160421-1819
2017-03-20 10:32:42,836 - org.eclipse.mylyn.commons.workbench - 3.20.0.v20160421-1819
2017-03-20 10:32:42,838 - org.eclipse.mylyn.bugzilla.ide - 3.20.0.v20160421-1902
2017-03-20 10:32:42,839 - org.eclipse.mylyn.ide.ui - 3.20.0.v20160421-1902
2017-03-20 10:32:42,876 - org.eclipse.emf.databinding.edit - 1.3.0.v20160526-0356
2017-03-20 10:32:42,897 - org.eclipse.emf.codegen.ecore - 2.12.0.v20160526-0356
2017-03-20 10:32:42,903 - org.eclipse.emf.ant - 2.8.0.v20160526-0356
2017-03-20 10:32:43,299 - org.eclipse.m2e.archetype.common - 1.7.0.20160603-1931
2017-03-20 10:32:43,325 - org.eclipse.m2e.maven.indexer - 1.7.0.20160603-1931
2017-03-20 10:32:43,395 - org.eclipse.m2e.model.edit - 1.7.0.20160603-1933
2017-03-20 10:32:43,416 - org.eclipse.m2e.core - 1.7.0.20160603-1933
2017-03-20 10:32:43,499 - org.eclipse.m2e.launching - 1.7.0.20160603-1933
2017-03-20 10:32:43,513 - org.eclipse.m2e.workspace.cli - 0.3.1
2017-03-20 10:32:43,527 - org.eclipse.m2e.jdt - 1.7.0.20160603-1933
2017-03-20 10:32:43,550 - org.eclipse.m2e.editor - 1.7.0.20160603-1933
2017-03-20 10:32:43,558 - org.eclipse.m2e.editor.xml - 1.7.0.20160603-1933
2017-03-20 10:32:44,252 - org.eclipse.m2e.maven.runtime - 1.7.0.20160603-1931
2017-03-20 10:32:44,269 - org.eclipse.m2e.maven.runtime.slf4j.simple - 1.7.0.20160603-1931
2017-03-20 10:32:44,269 - org.eclipse.m2e.refactoring - 1.7.0.20160603-1933
2017-03-20 10:32:44,275 - org.eclipse.m2e.lifecyclemapping.defaults - 1.7.0.20160603-1933
2017-03-20 10:32:44,289 - org.eclipse.m2e.discovery - 1.7.0.20160603-1933
2017-03-20 10:32:44,295 - org.eclipse.m2e.core.ui - 1.7.0.20160603-1933
2017-03-20 10:32:44,301 - org.eclipse.m2e.scm - 1.7.0.20160603-1933
2017-03-20 10:32:44,301 - org.eclipse.m2e.jdt.ui - 1.7.0.20160603-1933
2017-03-20 10:32:44,307 - org.eclipse.m2e.profiles.core - 1.7.0.20160603-1933
2017-03-20 10:32:44,312 - org.eclipse.m2e.profiles.ui - 1.7.0.20160603-1933
2017-03-20 10:32:44,320 - org.eclipse.m2e.importer - 1.7.0.20160603-1933
2017-03-20 10:32:44,355 - org.eclipse.andmore.ndk - 0.5.0.201605181018
2017-03-20 10:32:44,366 - org.eclipse.andmore.gldebugger - 0.5.0.201605181018
2017-03-20 10:32:44,409 - org.eclipse.mylyn.hudson.core - 1.12.0.v20160524-1837
2017-03-20 10:32:44,427 - org.eclipse.mylyn.hudson.ui - 1.12.0.v20160421-2142
2017-03-20 10:32:44,715 - org.eclipse.epp.mpc.core - 1.5.0.v20160608-1457
2017-03-20 10:32:44,715 - org.eclipse.epp.mpc.ui - 1.5.0.v20160608-1804
2017-03-20 10:32:44,764 - org.eclipse.epp.mpc.help.ui - 1.5.0.v20160524-1910
2017-03-20 10:32:44,764 - org.apache.httpcomponents.httpclient - 4.3.6.v201511171540
2017-03-20 10:32:44,764 - org.apache.httpcomponents.httpcore - 4.3.3.v201411290715
2017-03-20 10:32:44,786 - org.eclipse.datatools.connectivity.oda.consumer - 3.3.0.201603142002
2017-03-20 10:32:44,800 - org.eclipse.datatools.connectivity.oda.design - 3.4.0.201603142002
2017-03-20 10:32:44,808 - org.eclipse.datatools.connectivity.oda.profile - 3.3.0.201603142002
2017-03-20 10:32:44,817 - org.eclipse.datatools.connectivity.oda - 3.5.0.201603142002
2017-03-20 10:32:44,824 - org.eclipse.datatools.connectivity - 1.13.0.201603142002
2017-03-20 10:32:44,840 - org.eclipse.mylyn.git.core - 1.12.0.v20160421-1824
2017-03-20 10:32:44,841 - org.eclipse.mylyn.git.ui - 1.12.0.v20160421-1824
2017-03-20 10:32:44,938 - org.eclipse.andmore.android.certmanager - 0.5.0.201605181018
2017-03-20 10:32:45,096 - org.eclipse.recommenders.snipmatch - 2.4.0.v20160607-1609
2017-03-20 10:32:45,153 - org.eclipse.recommenders.snipmatch.rcp - 2.4.0.v20160607-1609
2017-03-20 10:32:45,173 - org.eclipse.cdt.gdb - 7.0.0.201606062011
2017-03-20 10:32:45,235 - org.eclipse.cdt.gdb.ui - 7.0.0.201606062011
2017-03-20 10:32:45,261 - org.eclipse.pde - 3.12.0.v20160606-1100
2017-03-20 10:32:45,291 - org.eclipse.pde.build - 3.9.200.v20160204-0642
2017-03-20 10:32:45,291 - org.eclipse.pde.core - 3.11.0.v20160510-1223
2017-03-20 10:32:45,311 - org.eclipse.pde.junit.runtime - 3.5.0.v20151013-0625
2017-03-20 10:32:45,312 - org.eclipse.pde.runtime - 3.5.0.v20160418-1724
2017-03-20 10:32:45,334 - org.eclipse.pde.ui - 3.9.0.v20160525-1830
2017-03-20 10:32:45,418 - org.eclipse.pde.doc.user - 3.12.0.v20160601-2148
2017-03-20 10:32:45,582 - org.eclipse.pde.ui.templates - 3.6.0.v20160424-1948
2017-03-20 10:32:45,582 - org.eclipse.ui.views.log - 1.2.0.v20160418-1724
2017-03-20 10:32:45,583 - org.objectweb.asm - 5.0.1.v201404251740
2017-03-20 10:32:45,636 - org.objectweb.asm.tree - 5.0.1.v201404251740
2017-03-20 10:32:45,664 - org.eclipse.pde.api.tools - 1.1.0.v20160508-0834
2017-03-20 10:32:45,688 - org.eclipse.pde.api.tools.annotations - 1.0.100.v20160418-1724
2017-03-20 10:32:45,688 - org.eclipse.pde.api.tools.ui - 1.1.0.v20160519-0701
2017-03-20 10:32:45,711 - org.eclipse.pde.ds.core - 1.1.0.v20151201-1325
2017-03-20 10:32:45,724 - org.eclipse.pde.ds.ui - 1.1.0.v20160518-1843
2017-03-20 10:32:45,724 - org.eclipse.pde.launching - 3.6.400.v20160121-1248
2017-03-20 10:32:45,734 - org.eclipse.pde.ua.core - 1.0.500.v20160204-0642
2017-03-20 10:32:45,751 - org.eclipse.pde.ua.ui - 1.1.0.v20160518-1843
2017-03-20 10:32:45,752 - org.eclipse.ui.trace - 1.0.400.v20160509-1055
2017-03-20 10:32:45,763 - org.eclipse.pde.ds.annotations - 1.0.0.v20160525-1437
2017-03-20 10:32:45,805 - org.eclipse.sequoyah.localization.tools - 2.1.0.N20120718-0509
2017-03-20 10:32:45,809 - org.eclipse.sequoyah.localization.editor - 2.1.0.N20120718-0509
2017-03-20 10:32:45,961 - net.sourceforge.lpg.lpgjavaruntime - 1.1.0.v201004271650
2017-03-20 10:32:45,965 - org.eclipse.datatools.sqltools.parsers.sql.lexer - 1.1.0.201603142002
2017-03-20 10:32:45,970 - org.eclipse.datatools.sqltools.parsers.sql.query - 1.3.0.201603142002
2017-03-20 10:32:45,982 - org.eclipse.datatools.sqltools.parsers.sql.xml.query - 1.1.0.201603142002
2017-03-20 10:32:45,986 - org.eclipse.datatools.sqltools.parsers.sql - 1.1.0.201603142002
2017-03-20 10:32:46,000 - org.eclipse.mylyn.java.ui - 3.20.0.v20160421-1902
2017-03-20 10:32:46,026 - org.eclipse.mylyn.java.tasks - 3.20.0.v20160421-1902
2017-03-20 10:32:46,026 - org.eclipse.mylyn.ide.ui - 3.20.0.v20160421-1902
2017-03-20 10:32:46,037 - org.eclipse.mylyn.ide.ant - 3.20.0.v20160421-1902
2017-03-20 10:32:46,041 - org.eclipse.mylyn.debug.ui - 3.20.0.v20160421-1902
2017-03-20 10:32:46,066 - org.eclipse.mylyn.team.ui - 3.20.0.v20160421-1902
2017-03-20 10:32:46,074 - org.eclipse.datatools.sqltools.sql - 1.1.0.201603142002
2017-03-20 10:32:46,074 - org.eclipse.datatools.sqltools.common.ui - 1.1.0.201603142002
2017-03-20 10:32:46,074 - org.eclipse.datatools.sqltools.plan - 1.1.0.201603142002
2017-03-20 10:32:46,074 - org.eclipse.datatools.sqltools.editor.core - 1.1.0.201603142002
2017-03-20 10:32:46,074 - org.eclipse.datatools.sqltools.sqleditor - 1.1.0.201603142002
2017-03-20 10:32:46,077 - org.eclipse.datatools.sqltools.ddlgen.ui - 1.1.0.201603142002
2017-03-20 10:32:46,082 - org.eclipse.datatools.connectivity.db.generic - 1.1.0.201603142002
2017-03-20 10:32:46,082 - org.eclipse.datatools.sqltools.editor.core.ui - 1.1.0.201603142002
2017-03-20 10:32:46,082 - org.eclipse.datatools.sqltools.sql.ui - 1.1.0.201603142002
2017-03-20 10:32:46,090 - org.eclipse.emf.common.ui - 2.11.0.v20160526-0356
2017-03-20 10:32:46,093 - org.eclipse.mylyn.commons.repositories.core - 1.12.0.v20160421-1819
2017-03-20 10:32:46,093 - org.eclipse.mylyn.commons.repositories.ui - 1.12.0.v20160421-1819
2017-03-20 10:32:46,343 - org.eclipse.sequoyah.device.common.utilities - 2.1.0.N20120718-0509
2017-03-20 10:32:46,365 - org.eclipse.andmore.android.common - 0.5.0.201605181018
2017-03-20 10:32:46,386 - org.eclipse.andmore.android.codeutils - 0.5.0.201605181018
2017-03-20 10:32:46,389 - org.eclipse.andmore.android.translation - 0.5.0.201605181018
2017-03-20 10:32:46,389 - org.eclipse.andmore.android.codesnippets - 0.5.0.201605181018
2017-03-20 10:32:46,390 - org.eclipse.andmore.android.db.core - 0.5.0.201605181018
2017-03-20 10:32:46,390 - org.eclipse.andmore.android.logger - 0.5.0.201605181018
2017-03-20 10:32:46,413 - org.eclipse.andmore.android - 0.5.0.201605181018
2017-03-20 10:32:46,449 - org.eclipse.andmore.android.emulator - 0.5.0.201605181018
2017-03-20 10:32:46,460 - org.eclipse.andmore.android.launch - 0.5.0.201605181018
2017-03-20 10:32:46,460 - org.eclipse.andmore.android.packaging.ui - 0.5.0.201605181018
2017-03-20 10:32:46,477 - org.eclipse.andmore.android.handset - 0.5.0.201605181018
2017-03-20 10:32:46,477 - org.eclipse.andmore.android.remote - 0.5.0.201605181018
2017-03-20 10:32:46,477 - org.eclipse.andmore.android.linux.x86_64 - 0.5.0.201605181018
2017-03-20 10:32:46,478 - org.eclipse.andmore.android.mat - 0.5.0.201605181018
2017-03-20 10:32:46,478 - org.eclipse.andmore.android.devices.services - 0.5.0.201605181018
2017-03-20 10:32:46,493 - org.eclipse.andmore.android.db.devices - 0.5.0.201605181018
2017-03-20 10:32:46,596 - org.eclipse.andmore.android.installer - 0.5.0.201605181018
2017-03-20 10:32:46,608 - org.eclipse.andmore.android.logger.collector - 0.5.0.201605181018
2017-03-20 10:32:46,758 - org.eclipse.emf.mapping.ui - 2.7.0.v20160526-0356
2017-03-20 10:32:46,767 - org.eclipse.mylyn.monitor.core - 3.20.0.v20160421-1819
2017-03-20 10:32:46,767 - org.eclipse.mylyn.monitor.ui - 3.20.0.v20160421-1819
2017-03-20 10:32:46,791 - org.eclipse.datatools.connectivity.oda.template.ui - 3.3.0.201603142002
2017-03-20 10:32:46,807 - org.eclipse.sequoyah.vnc.vncviewer - 2.1.0.N20120718-0509
2017-03-20 10:32:46,810 - org.eclipse.emf.codegen.ecore.ui - 2.12.0.v20160526-0356
2017-03-20 10:32:46,838 - org.eclipse.emf.ecore.editor - 2.12.0.v20160526-0356
2017-03-20 10:32:46,863 - org.eclipse.epp.package.android - 4.6.0.20160613-1800
2017-03-20 10:32:46,885 - org.eclipse.mylyn.builds.core - 1.12.0.v20160421-2142
2017-03-20 10:32:46,885 - org.eclipse.mylyn.builds.ui - 1.12.0.v20160421-2142
2017-03-20 10:32:46,887 - org.eclipse.mylyn.context.core - 3.20.0.v20160421-1902
2017-03-20 10:32:46,888 - org.eclipse.mylyn.context.ui - 3.20.0.v20160421-1902
2017-03-20 10:32:46,903 - org.eclipse.mylyn.resources.ui - 3.20.0.v20160421-1902
2017-03-20 10:32:46,904 - org.eclipse.mylyn.context.tasks.ui - 3.20.0.v20160608-1905
2017-03-20 10:32:46,907 - org.eclipse.emf.databinding - 1.3.0.v20160526-0356
2017-03-20 10:32:46,927 - org.eclipse.datatools.connectivity.sqm.core.ui - 1.3.0.201603142002
2017-03-20 10:32:46,927 - org.eclipse.datatools.connectivity.sqm.core - 1.3.0.201603142002
2017-03-20 10:32:46,949 - org.eclipse.datatools.connectivity.sqm.server.ui - 1.2.0.201603142002
2017-03-20 10:32:46,949 - org.eclipse.datatools.connectivity.ui.dse - 1.2.0.201603142002
2017-03-20 10:32:46,949 - org.eclipse.datatools.connectivity.ui - 1.3.0.201603142002
2017-03-20 10:32:46,949 - org.eclipse.datatools.connectivity - 1.13.0.201603142002
2017-03-20 10:32:46,949 - org.eclipse.datatools.help - 1.6.0.201603142002
2017-03-20 10:32:46,958 - org.eclipse.datatools.connectivity.console.profile - 1.1.0.201603142002
2017-03-20 10:32:46,970 - org.eclipse.oomph.setup - 1.5.0.v20160818-1158
2017-03-20 10:32:46,970 - org.eclipse.oomph.setup.edit - 1.5.0.v20160707-0243
2017-03-20 10:32:46,971 - org.eclipse.oomph.setup.core - 1.5.0.v20160913-0854
2017-03-20 10:32:47,005 - org.eclipse.oomph.setup.sync - 1.5.0.v20160707-0243
2017-03-20 10:32:47,007 - org.eclipse.oomph.setup.p2 - 1.5.0.v20160707-0243
2017-03-20 10:32:47,008 - org.eclipse.oomph.setup.p2.edit - 1.5.0.v20160706-1149
2017-03-20 10:32:47,013 - org.eclipse.oomph.preferences - 1.5.0.v20160807-0831
2017-03-20 10:32:47,026 - org.eclipse.oomph.jreinfo - 1.5.0.v20160807-1022
2017-03-20 10:32:47,033 - org.eclipse.oomph.extractor.lib - 1.2.0.v20160519-0740
2017-03-20 10:32:47,033 - org.apache.commons.logging - 1.1.1.v201101211721
2017-03-20 10:32:47,033 - org.apache.commons.codec - 1.6.0.v201305230611
2017-03-20 10:32:47,033 - org.apache.httpcomponents.httpclient - 4.3.6.v201511171540
2017-03-20 10:32:47,033 - org.apache.httpcomponents.httpcore - 4.3.3.v201411290715
2017-03-20 10:32:47,041 - org.eclipse.userstorage - 1.0.0.v20160524-0709
2017-03-20 10:32:47,058 - org.eclipse.userstorage.ui - 1.0.0.v20151216-0912
